{"/home/travis/build/aghoneim92/bpm/lib/__tests__/addPrefix.js":{"path":"/home/travis/build/aghoneim92/bpm/lib/__tests__/addPrefix.js","s":{"1":1,"2":1,"3":1,"4":1,"5":1,"6":1,"7":1,"8":1,"9":1,"10":0,"11":1,"12":0,"13":1,"14":1,"15":1,"16":1,"17":1,"18":3},"b":{},"f":{},"fnMap":{},"statementMap":{"1":{"start":{"line":1,"column":0},"end":{"line":1,"column":42}},"2":{"start":{"line":2,"column":0},"end":{"line":2,"column":39}},"3":{"start":{"line":3,"column":0},"end":{"line":3,"column":34}},"4":{"start":{"line":4,"column":0},"end":{"line":4,"column":41}},"5":{"start":{"line":6,"column":0},"end":{"line":6,"column":36}},"6":{"start":{"line":8,"column":0},"end":{"line":8,"column":50}},"7":{"start":{"line":9,"column":0},"end":{"line":9,"column":25}},"8":{"start":{"line":11,"column":0},"end":{"line":36,"column":2}},"9":{"start":{"line":12,"column":2},"end":{"line":14,"column":16}},"10":{"start":{"line":13,"column":10},"end":{"line":13,"column":21}},"11":{"start":{"line":15,"column":2},"end":{"line":17,"column":16}},"12":{"start":{"line":16,"column":10},"end":{"line":16,"column":23}},"13":{"start":{"line":18,"column":2},"end":{"line":21,"column":15}},"14":{"start":{"line":22,"column":2},"end":{"line":26,"column":4}},"15":{"start":{"line":23,"column":10},"end":{"line":25,"column":5}},"16":{"start":{"line":27,"column":2},"end":{"line":35,"column":3}},"17":{"start":{"line":29,"column":6},"end":{"line":33,"column":18}},"18":{"start":{"line":31,"column":26},"end":{"line":31,"column":72}}},"branchMap":{}},"/home/travis/build/aghoneim92/bpm/lib/schedule.js":{"path":"/home/travis/build/aghoneim92/bpm/lib/schedule.js","s":{"1":1,"2":7,"3":5,"4":5,"5":0,"6":0,"7":5},"b":{"1":[0,5],"2":[5,2]},"f":{},"fnMap":{},"statementMap":{"1":{"start":{"line":1,"column":0},"end":{"line":12,"column":1}},"2":{"start":{"line":1,"column":23},"end":{"line":12,"column":1}},"3":{"start":{"line":2,"column":2},"end":{"line":2,"column":21}},"4":{"start":{"line":3,"column":2},"end":{"line":11,"column":3}},"5":{"start":{"line":4,"column":4},"end":{"line":8,"column":5}},"6":{"start":{"line":7,"column":12},"end":{"line":7,"column":18}},"7":{"start":{"line":10,"column":4},"end":{"line":10,"column":10}}},"branchMap":{"1":{"line":3,"type":"if","locations":[{"start":{"line":3,"column":2},"end":{"line":3,"column":2}},{"start":{"line":3,"column":2},"end":{"line":3,"column":2}}]},"2":{"line":3,"type":"binary-expr","locations":[{"start":{"line":3,"column":6},"end":{"line":3,"column":12}},{"start":{"line":3,"column":16},"end":{"line":3,"column":27}}]}}},"/home/travis/build/aghoneim92/bpm/lib/addPrefix.js":{"path":"/home/travis/build/aghoneim92/bpm/lib/addPrefix.js","s":{"1":1,"2":1,"3":1,"4":3,"5":1},"b":{},"f":{},"fnMap":{},"statementMap":{"1":{"start":{"line":1,"column":0},"end":{"line":6,"column":1}},"2":{"start":{"line":8,"column":0},"end":{"line":16,"column":13}},"3":{"start":{"line":14,"column":2},"end":{"line":16,"column":13}},"4":{"start":{"line":15,"column":18},"end":{"line":15,"column":66}},"5":{"start":{"line":18,"column":0},"end":{"line":18,"column":46}}},"branchMap":{}},"/home/travis/build/aghoneim92/bpm/lib/__tests__/applyCmd.js":{"path":"/home/travis/build/aghoneim92/bpm/lib/__tests__/applyCmd.js","s":{"1":1,"2":1,"3":1,"4":1,"5":1,"6":1,"7":1,"8":1,"9":1,"10":1,"11":1,"12":1,"13":1,"14":0,"15":1,"16":1,"17":1,"18":1,"19":0,"20":0},"b":{},"f":{},"fnMap":{},"statementMap":{"1":{"start":{"line":1,"column":0},"end":{"line":1,"column":41}},"2":{"start":{"line":2,"column":0},"end":{"line":2,"column":37}},"3":{"start":{"line":3,"column":0},"end":{"line":3,"column":32}},"4":{"start":{"line":4,"column":0},"end":{"line":4,"column":42}},"5":{"start":{"line":5,"column":0},"end":{"line":5,"column":39}},"6":{"start":{"line":6,"column":0},"end":{"line":6,"column":34}},"7":{"start":{"line":7,"column":0},"end":{"line":7,"column":38}},"8":{"start":{"line":9,"column":0},"end":{"line":13,"column":11}},"9":{"start":{"line":15,"column":0},"end":{"line":39,"column":2}},"10":{"start":{"line":16,"column":2},"end":{"line":16,"column":44}},"11":{"start":{"line":17,"column":2},"end":{"line":17,"column":50}},"12":{"start":{"line":18,"column":2},"end":{"line":18,"column":14}},"13":{"start":{"line":19,"column":2},"end":{"line":25,"column":3}},"14":{"start":{"line":22,"column":8},"end":{"line":22,"column":41}},"15":{"start":{"line":27,"column":2},"end":{"line":27,"column":23}},"16":{"start":{"line":28,"column":2},"end":{"line":28,"column":52}},"17":{"start":{"line":29,"column":2},"end":{"line":29,"column":48}},"18":{"start":{"line":31,"column":2},"end":{"line":38,"column":3}},"19":{"start":{"line":34,"column":8},"end":{"line":34,"column":28}},"20":{"start":{"line":35,"column":8},"end":{"line":35,"column":30}}},"branchMap":{}},"/home/travis/build/aghoneim92/bpm/lib/uninstall.js":{"path":"/home/travis/build/aghoneim92/bpm/lib/uninstall.js","s":{"1":1,"2":1,"3":2,"4":2,"5":2,"6":1},"b":{"1":[2,0],"2":[1,1]},"f":{},"fnMap":{},"statementMap":{"1":{"start":{"line":1,"column":0},"end":{"line":1,"column":36}},"2":{"start":{"line":3,"column":0},"end":{"line":12,"column":1}},"3":{"start":{"line":6,"column":2},"end":{"line":8,"column":3}},"4":{"start":{"line":7,"column":4},"end":{"line":7,"column":55}},"5":{"start":{"line":9,"column":2},"end":{"line":11,"column":3}},"6":{"start":{"line":10,"column":4},"end":{"line":10,"column":55}}},"branchMap":{"1":{"line":6,"type":"if","locations":[{"start":{"line":6,"column":2},"end":{"line":6,"column":2}},{"start":{"line":6,"column":2},"end":{"line":6,"column":2}}]},"2":{"line":9,"type":"if","locations":[{"start":{"line":9,"column":2},"end":{"line":9,"column":2}},{"start":{"line":9,"column":2},"end":{"line":9,"column":2}}]}}},"/home/travis/build/aghoneim92/bpm/lib/install.js":{"path":"/home/travis/build/aghoneim92/bpm/lib/install.js","s":{"1":1,"2":2,"3":2,"4":2,"5":2,"6":2,"7":3,"8":3,"9":3},"b":{"1":[2,0],"2":[3,0]},"f":{},"fnMap":{},"statementMap":{"1":{"start":{"line":1,"column":0},"end":{"line":20,"column":1}},"2":{"start":{"line":4,"column":2},"end":{"line":11,"column":3}},"3":{"start":{"line":6,"column":6},"end":{"line":9,"column":7}},"4":{"start":{"line":7,"column":8},"end":{"line":7,"column":60}},"5":{"start":{"line":8,"column":8},"end":{"line":8,"column":71}},"6":{"start":{"line":12,"column":2},"end":{"line":19,"column":3}},"7":{"start":{"line":14,"column":6},"end":{"line":17,"column":7}},"8":{"start":{"line":15,"column":8},"end":{"line":15,"column":60}},"9":{"start":{"line":16,"column":8},"end":{"line":16,"column":71}}},"branchMap":{"1":{"line":6,"type":"if","locations":[{"start":{"line":6,"column":6},"end":{"line":6,"column":6}},{"start":{"line":6,"column":6},"end":{"line":6,"column":6}}]},"2":{"line":14,"type":"if","locations":[{"start":{"line":14,"column":6},"end":{"line":14,"column":6}},{"start":{"line":14,"column":6},"end":{"line":14,"column":6}}]}}},"/home/travis/build/aghoneim92/bpm/lib/__tests__/classifyModules.js":{"path":"/home/travis/build/aghoneim92/bpm/lib/__tests__/classifyModules.js","s":{"1":1,"2":1,"3":1,"4":1,"5":1,"6":1,"7":1,"8":1,"9":1,"10":2},"b":{"1":[1,1]},"f":{},"fnMap":{},"statementMap":{"1":{"start":{"line":1,"column":0},"end":{"line":1,"column":34}},"2":{"start":{"line":2,"column":0},"end":{"line":2,"column":42}},"3":{"start":{"line":4,"column":0},"end":{"line":4,"column":53}},"4":{"start":{"line":5,"column":0},"end":{"line":5,"column":39}},"5":{"start":{"line":7,"column":0},"end":{"line":10,"column":1}},"6":{"start":{"line":12,"column":0},"end":{"line":25,"column":2}},"7":{"start":{"line":13,"column":2},"end":{"line":24,"column":4}},"8":{"start":{"line":15,"column":6},"end":{"line":15,"column":49}},"9":{"start":{"line":17,"column":6},"end":{"line":22,"column":7}},"10":{"start":{"line":19,"column":8},"end":{"line":21,"column":74}}},"branchMap":{"1":{"line":19,"type":"cond-expr","locations":[{"start":{"line":20,"column":8},"end":{"line":20,"column":74}},{"start":{"line":21,"column":8},"end":{"line":21,"column":74}}]}}},"/home/travis/build/aghoneim92/bpm/lib/classifyModules.js":{"path":"/home/travis/build/aghoneim92/bpm/lib/classifyModules.js","s":{"1":1,"2":1,"3":2},"b":{"1":[1,1]},"f":{},"fnMap":{},"statementMap":{"1":{"start":{"line":1,"column":0},"end":{"line":9,"column":3}},"2":{"start":{"line":2,"column":2},"end":{"line":9,"column":3}},"3":{"start":{"line":4,"column":6},"end":{"line":8,"column":8}}},"branchMap":{"1":{"line":4,"type":"cond-expr","locations":[{"start":{"line":4,"column":39},"end":{"line":6,"column":7}},{"start":{"line":6,"column":12},"end":{"line":8,"column":7}}]}}},"/home/travis/build/aghoneim92/bpm/lib/__tests__/exec.js":{"path":"/home/travis/build/aghoneim92/bpm/lib/__tests__/exec.js","s":{"1":1,"2":1,"3":1,"4":1,"5":1,"6":1,"7":1,"8":1,"9":1,"10":1,"11":1,"12":1,"13":1,"14":1,"15":1,"16":1,"17":1,"18":1,"19":1,"20":1,"21":1,"22":1,"23":0,"24":0,"25":1,"26":1,"27":1,"28":1,"29":1,"30":1,"31":1,"32":1,"33":0,"34":0,"35":0,"36":0,"37":0,"38":1,"39":1,"40":1,"41":1,"42":1,"43":1,"44":1,"45":1,"46":1,"47":1,"48":0,"49":0,"50":1,"51":1,"52":1,"53":0,"54":0,"55":0,"56":0,"57":1,"58":1,"59":1,"60":1,"61":1,"62":1,"63":1,"64":0,"65":0,"66":1,"67":1,"68":1,"69":0,"70":0,"71":0,"72":0,"73":1,"74":1,"75":1,"76":1},"b":{"1":[0,0],"2":[0,0]},"f":{},"fnMap":{},"statementMap":{"1":{"start":{"line":1,"column":0},"end":{"line":1,"column":34}},"2":{"start":{"line":2,"column":0},"end":{"line":2,"column":38}},"3":{"start":{"line":3,"column":0},"end":{"line":3,"column":45}},"4":{"start":{"line":4,"column":0},"end":{"line":4,"column":26}},"5":{"start":{"line":5,"column":0},"end":{"line":5,"column":31}},"6":{"start":{"line":6,"column":0},"end":{"line":6,"column":31}},"7":{"start":{"line":7,"column":0},"end":{"line":7,"column":35}},"8":{"start":{"line":9,"column":0},"end":{"line":11,"column":1}},"9":{"start":{"line":13,"column":0},"end":{"line":122,"column":2}},"10":{"start":{"line":14,"column":2},"end":{"line":14,"column":18}},"11":{"start":{"line":16,"column":2},"end":{"line":30,"column":3}},"12":{"start":{"line":18,"column":6},"end":{"line":18,"column":47}},"13":{"start":{"line":19,"column":6},"end":{"line":19,"column":42}},"14":{"start":{"line":21,"column":6},"end":{"line":28,"column":7}},"15":{"start":{"line":22,"column":14},"end":{"line":22,"column":62}},"16":{"start":{"line":25,"column":10},"end":{"line":25,"column":27}},"17":{"start":{"line":26,"column":10},"end":{"line":26,"column":27}},"18":{"start":{"line":32,"column":2},"end":{"line":32,"column":32}},"19":{"start":{"line":34,"column":2},"end":{"line":64,"column":3}},"20":{"start":{"line":35,"column":10},"end":{"line":63,"column":6}},"21":{"start":{"line":36,"column":6},"end":{"line":36,"column":16}},"22":{"start":{"line":37,"column":6},"end":{"line":39,"column":7}},"23":{"start":{"line":38,"column":8},"end":{"line":38,"column":68}},"24":{"start":{"line":38,"column":29},"end":{"line":38,"column":67}},"25":{"start":{"line":40,"column":6},"end":{"line":40,"column":41}},"26":{"start":{"line":40,"column":34},"end":{"line":40,"column":38}},"27":{"start":{"line":41,"column":6},"end":{"line":41,"column":64}},"28":{"start":{"line":41,"column":55},"end":{"line":41,"column":63}},"29":{"start":{"line":41,"column":61},"end":{"line":41,"column":63}},"30":{"start":{"line":42,"column":6},"end":{"line":42,"column":44}},"31":{"start":{"line":43,"column":6},"end":{"line":43,"column":41}},"32":{"start":{"line":45,"column":6},"end":{"line":62,"column":7}},"33":{"start":{"line":47,"column":10},"end":{"line":47,"column":44}},"34":{"start":{"line":48,"column":10},"end":{"line":48,"column":45}},"35":{"start":{"line":49,"column":10},"end":{"line":49,"column":47}},"36":{"start":{"line":50,"column":10},"end":{"line":50,"column":56}},"37":{"start":{"line":51,"column":10},"end":{"line":51,"column":65}},"38":{"start":{"line":54,"column":14},"end":{"line":54,"column":18}},"39":{"start":{"line":57,"column":10},"end":{"line":57,"column":26}},"40":{"start":{"line":58,"column":10},"end":{"line":58,"column":33}},"41":{"start":{"line":59,"column":10},"end":{"line":59,"column":27}},"42":{"start":{"line":60,"column":10},"end":{"line":60,"column":29}},"43":{"start":{"line":66,"column":2},"end":{"line":92,"column":3}},"44":{"start":{"line":67,"column":10},"end":{"line":91,"column":6}},"45":{"start":{"line":68,"column":6},"end":{"line":68,"column":16}},"46":{"start":{"line":69,"column":6},"end":{"line":69,"column":42}},"47":{"start":{"line":70,"column":6},"end":{"line":72,"column":7}},"48":{"start":{"line":71,"column":8},"end":{"line":71,"column":68}},"49":{"start":{"line":71,"column":29},"end":{"line":71,"column":67}},"50":{"start":{"line":73,"column":6},"end":{"line":73,"column":42}},"51":{"start":{"line":75,"column":6},"end":{"line":90,"column":7}},"52":{"start":{"line":77,"column":10},"end":{"line":77,"column":44}},"53":{"start":{"line":78,"column":10},"end":{"line":78,"column":45}},"54":{"start":{"line":79,"column":10},"end":{"line":79,"column":50}},"55":{"start":{"line":80,"column":10},"end":{"line":80,"column":57}},"56":{"start":{"line":81,"column":10},"end":{"line":81,"column":71}},"57":{"start":{"line":84,"column":14},"end":{"line":84,"column":18}},"58":{"start":{"line":87,"column":10},"end":{"line":87,"column":27}},"59":{"start":{"line":88,"column":10},"end":{"line":88,"column":26}},"60":{"start":{"line":94,"column":2},"end":{"line":121,"column":3}},"61":{"start":{"line":95,"column":10},"end":{"line":120,"column":6}},"62":{"start":{"line":96,"column":6},"end":{"line":96,"column":16}},"63":{"start":{"line":97,"column":6},"end":{"line":99,"column":7}},"64":{"start":{"line":98,"column":8},"end":{"line":98,"column":68}},"65":{"start":{"line":98,"column":29},"end":{"line":98,"column":67}},"66":{"start":{"line":100,"column":6},"end":{"line":100,"column":44}},"67":{"start":{"line":102,"column":6},"end":{"line":119,"column":7}},"68":{"start":{"line":104,"column":10},"end":{"line":104,"column":44}},"69":{"start":{"line":105,"column":10},"end":{"line":105,"column":45}},"70":{"start":{"line":106,"column":10},"end":{"line":106,"column":50}},"71":{"start":{"line":107,"column":10},"end":{"line":109,"column":11}},"72":{"start":{"line":108,"column":12},"end":{"line":108,"column":64}},"73":{"start":{"line":112,"column":14},"end":{"line":112,"column":18}},"74":{"start":{"line":115,"column":10},"end":{"line":115,"column":31}},"75":{"start":{"line":116,"column":10},"end":{"line":116,"column":27}},"76":{"start":{"line":117,"column":10},"end":{"line":117,"column":26}}},"branchMap":{"1":{"line":107,"type":"if","locations":[{"start":{"line":107,"column":10},"end":{"line":107,"column":10}},{"start":{"line":107,"column":10},"end":{"line":107,"column":10}}]},"2":{"line":107,"type":"binary-expr","locations":[{"start":{"line":107,"column":14},"end":{"line":107,"column":20}},{"start":{"line":107,"column":24},"end":{"line":107,"column":37}}]}}},"/home/travis/build/aghoneim92/bpm/lib/exec.js":{"path":"/home/travis/build/aghoneim92/bpm/lib/exec.js","s":{"1":1,"2":1,"3":1,"4":1,"5":1,"6":1,"7":1,"8":1,"9":7,"10":7,"11":1,"12":1,"13":6,"14":6,"15":0,"16":6,"17":6,"18":1,"19":7,"20":7,"21":1},"b":{"1":[1,6],"2":[0,6],"3":[6,0]},"f":{},"fnMap":{},"statementMap":{"1":{"start":{"line":1,"column":0},"end":{"line":1,"column":45}},"2":{"start":{"line":2,"column":0},"end":{"line":2,"column":30}},"3":{"start":{"line":3,"column":0},"end":{"line":3,"column":43}},"4":{"start":{"line":4,"column":0},"end":{"line":4,"column":26}},"5":{"start":{"line":5,"column":0},"end":{"line":5,"column":35}},"6":{"start":{"line":7,"column":0},"end":{"line":9,"column":1}},"7":{"start":{"line":8,"column":8},"end":{"line":8,"column":34}},"8":{"start":{"line":11,"column":0},"end":{"line":24,"column":1}},"9":{"start":{"line":11,"column":37},"end":{"line":24,"column":1}},"10":{"start":{"line":12,"column":2},"end":{"line":23,"column":3}},"11":{"start":{"line":13,"column":4},"end":{"line":13,"column":38}},"12":{"start":{"line":14,"column":4},"end":{"line":14,"column":15}},"13":{"start":{"line":16,"column":4},"end":{"line":16,"column":37}},"14":{"start":{"line":17,"column":4},"end":{"line":19,"column":5}},"15":{"start":{"line":18,"column":6},"end":{"line":18,"column":27}},"16":{"start":{"line":21,"column":4},"end":{"line":21,"column":42}},"17":{"start":{"line":22,"column":4},"end":{"line":22,"column":19}},"18":{"start":{"line":25,"column":0},"end":{"line":27,"column":1}},"19":{"start":{"line":25,"column":29},"end":{"line":27,"column":1}},"20":{"start":{"line":26,"column":23},"end":{"line":26,"column":71}},"21":{"start":{"line":28,"column":0},"end":{"line":28,"column":22}}},"branchMap":{"1":{"line":12,"type":"if","locations":[{"start":{"line":12,"column":2},"end":{"line":12,"column":2}},{"start":{"line":12,"column":2},"end":{"line":12,"column":2}}]},"2":{"line":17,"type":"if","locations":[{"start":{"line":17,"column":4},"end":{"line":17,"column":4}},{"start":{"line":17,"column":4},"end":{"line":17,"column":4}}]},"3":{"line":17,"type":"binary-expr","locations":[{"start":{"line":17,"column":8},"end":{"line":17,"column":14}},{"start":{"line":17,"column":18},"end":{"line":17,"column":31}}]}}},"/home/travis/build/aghoneim92/bpm/lib/__tests__/execNpm.js":{"path":"/home/travis/build/aghoneim92/bpm/lib/__tests__/execNpm.js","s":{"1":1,"2":1,"3":1,"4":1,"5":1,"6":1,"7":1,"8":1,"9":1,"10":1,"11":1,"12":3,"13":1,"14":1,"15":1,"16":1,"17":1,"18":1,"19":3,"20":3,"21":3,"22":3,"23":3,"24":3,"25":3,"26":3,"27":3,"28":3,"29":3,"30":3,"31":3,"32":3,"33":3,"34":3,"35":3,"36":3,"37":3,"38":3,"39":3,"40":3,"41":3,"42":3},"b":{},"f":{"1":1},"fnMap":{"1":{"name":"(anonymous_1)","line":31,"loc":{"start":{"line":31,"column":20},"end":{"line":31,"column":32}}}},"statementMap":{"1":{"start":{"line":1,"column":0},"end":{"line":1,"column":41}},"2":{"start":{"line":3,"column":0},"end":{"line":3,"column":34}},"3":{"start":{"line":4,"column":0},"end":{"line":4,"column":38}},"4":{"start":{"line":5,"column":0},"end":{"line":5,"column":26}},"5":{"start":{"line":6,"column":0},"end":{"line":6,"column":31}},"6":{"start":{"line":7,"column":0},"end":{"line":7,"column":42}},"7":{"start":{"line":8,"column":0},"end":{"line":8,"column":24}},"8":{"start":{"line":9,"column":0},"end":{"line":9,"column":41}},"9":{"start":{"line":10,"column":0},"end":{"line":10,"column":49}},"10":{"start":{"line":12,"column":0},"end":{"line":12,"column":33}},"11":{"start":{"line":14,"column":0},"end":{"line":21,"column":2}},"12":{"start":{"line":14,"column":25},"end":{"line":21,"column":1}},"13":{"start":{"line":23,"column":0},"end":{"line":23,"column":43}},"14":{"start":{"line":25,"column":0},"end":{"line":29,"column":1}},"15":{"start":{"line":31,"column":0},"end":{"line":80,"column":2}},"16":{"start":{"line":32,"column":2},"end":{"line":32,"column":32}},"17":{"start":{"line":33,"column":2},"end":{"line":33,"column":27}},"18":{"start":{"line":35,"column":2},"end":{"line":79,"column":3}},"19":{"start":{"line":37,"column":6},"end":{"line":52,"column":7}},"20":{"start":{"line":39,"column":14},"end":{"line":51,"column":10}},"21":{"start":{"line":40,"column":10},"end":{"line":40,"column":43}},"22":{"start":{"line":41,"column":10},"end":{"line":41,"column":30}},"23":{"start":{"line":42,"column":10},"end":{"line":42,"column":31}},"24":{"start":{"line":43,"column":10},"end":{"line":43,"column":35}},"25":{"start":{"line":44,"column":10},"end":{"line":44,"column":39}},"26":{"start":{"line":46,"column":10},"end":{"line":50,"column":11}},"27":{"start":{"line":47,"column":18},"end":{"line":47,"column":79}},"28":{"start":{"line":49,"column":18},"end":{"line":49,"column":35}},"29":{"start":{"line":53,"column":6},"end":{"line":60,"column":7}},"30":{"start":{"line":55,"column":14},"end":{"line":59,"column":10}},"31":{"start":{"line":56,"column":10},"end":{"line":56,"column":75}},"32":{"start":{"line":57,"column":10},"end":{"line":57,"column":58}},"33":{"start":{"line":58,"column":10},"end":{"line":58,"column":33}},"34":{"start":{"line":62,"column":6},"end":{"line":68,"column":7}},"35":{"start":{"line":64,"column":14},"end":{"line":67,"column":10}},"36":{"start":{"line":65,"column":10},"end":{"line":65,"column":59}},"37":{"start":{"line":66,"column":10},"end":{"line":66,"column":41}},"38":{"start":{"line":70,"column":6},"end":{"line":77,"column":7}},"39":{"start":{"line":72,"column":14},"end":{"line":76,"column":10}},"40":{"start":{"line":73,"column":10},"end":{"line":73,"column":82}},"41":{"start":{"line":74,"column":10},"end":{"line":74,"column":36}},"42":{"start":{"line":75,"column":10},"end":{"line":75,"column":31}}},"branchMap":{}},"/home/travis/build/aghoneim92/bpm/lib/execNpm.js":{"path":"/home/travis/build/aghoneim92/bpm/lib/execNpm.js","s":{"1":1,"2":1,"3":1,"4":1,"5":1,"6":3,"7":3,"8":3,"9":3,"10":3,"11":3,"12":0,"13":1,"14":3,"15":1},"b":{"1":[3,0]},"f":{},"fnMap":{},"statementMap":{"1":{"start":{"line":1,"column":0},"end":{"line":1,"column":30}},"2":{"start":{"line":2,"column":0},"end":{"line":2,"column":24}},"3":{"start":{"line":3,"column":0},"end":{"line":3,"column":48}},"4":{"start":{"line":5,"column":0},"end":{"line":8,"column":26}},"5":{"start":{"line":10,"column":0},"end":{"line":27,"column":1}},"6":{"start":{"line":14,"column":6},"end":{"line":27,"column":1}},"7":{"start":{"line":15,"column":2},"end":{"line":15,"column":41}},"8":{"start":{"line":16,"column":2},"end":{"line":26,"column":3}},"9":{"start":{"line":17,"column":4},"end":{"line":21,"column":6}},"10":{"start":{"line":22,"column":4},"end":{"line":22,"column":39}},"11":{"start":{"line":23,"column":4},"end":{"line":23,"column":55}},"12":{"start":{"line":25,"column":4},"end":{"line":25,"column":33}},"13":{"start":{"line":29,"column":0},"end":{"line":41,"column":3}},"14":{"start":{"line":35,"column":2},"end":{"line":41,"column":3}},"15":{"start":{"line":43,"column":0},"end":{"line":43,"column":22}}},"branchMap":{"1":{"line":16,"type":"if","locations":[{"start":{"line":16,"column":2},"end":{"line":16,"column":2}},{"start":{"line":16,"column":2},"end":{"line":16,"column":2}}]}}},"/home/travis/build/aghoneim92/bpm/lib/updateBabelRC.js":{"path":"/home/travis/build/aghoneim92/bpm/lib/updateBabelRC.js","s":{"1":1,"2":1,"3":1,"4":1,"5":3,"6":3,"7":3,"8":3,"9":3,"10":3,"11":3},"b":{"1":[3,3],"2":[3,0]},"f":{},"fnMap":{},"statementMap":{"1":{"start":{"line":1,"column":0},"end":{"line":1,"column":38}},"2":{"start":{"line":2,"column":0},"end":{"line":2,"column":38}},"3":{"start":{"line":4,"column":0},"end":{"line":6,"column":26}},"4":{"start":{"line":8,"column":0},"end":{"line":29,"column":1}},"5":{"start":{"line":13,"column":2},"end":{"line":13,"column":52}},"6":{"start":{"line":15,"column":2},"end":{"line":15,"column":41}},"7":{"start":{"line":16,"column":2},"end":{"line":16,"column":41}},"8":{"start":{"line":17,"column":2},"end":{"line":26,"column":3}},"9":{"start":{"line":21,"column":13},"end":{"line":21,"column":45}},"10":{"start":{"line":24,"column":13},"end":{"line":24,"column":45}},"11":{"start":{"line":28,"column":2},"end":{"line":28,"column":16}}},"branchMap":{"1":{"line":15,"type":"binary-expr","locations":[{"start":{"line":15,"column":20},"end":{"line":15,"column":35}},{"start":{"line":15,"column":39},"end":{"line":15,"column":41}}]},"2":{"line":16,"type":"binary-expr","locations":[{"start":{"line":16,"column":20},"end":{"line":16,"column":35}},{"start":{"line":16,"column":39},"end":{"line":16,"column":41}}]}}},"/home/travis/build/aghoneim92/bpm/lib/applyCmd.js":{"path":"/home/travis/build/aghoneim92/bpm/lib/applyCmd.js","s":{"1":1,"2":1,"3":1,"4":3,"5":1,"6":1,"7":1,"8":1,"9":0,"10":0},"b":{"1":[0,1,0,1,0]},"f":{},"fnMap":{},"statementMap":{"1":{"start":{"line":1,"column":0},"end":{"line":1,"column":38}},"2":{"start":{"line":2,"column":0},"end":{"line":2,"column":42}},"3":{"start":{"line":4,"column":0},"end":{"line":23,"column":1}},"4":{"start":{"line":10,"column":2},"end":{"line":22,"column":3}},"5":{"start":{"line":13,"column":6},"end":{"line":13,"column":44}},"6":{"start":{"line":14,"column":6},"end":{"line":14,"column":11}},"7":{"start":{"line":17,"column":6},"end":{"line":17,"column":46}},"8":{"start":{"line":18,"column":6},"end":{"line":18,"column":11}},"9":{"start":{"line":20,"column":6},"end":{"line":20,"column":106}},"10":{"start":{"line":21,"column":6},"end":{"line":21,"column":11}}},"branchMap":{"1":{"line":10,"type":"switch","locations":[{"start":{"line":11,"column":4},"end":{"line":11,"column":19}},{"start":{"line":12,"column":4},"end":{"line":14,"column":11}},{"start":{"line":15,"column":4},"end":{"line":15,"column":21}},{"start":{"line":16,"column":4},"end":{"line":18,"column":11}},{"start":{"line":19,"column":4},"end":{"line":21,"column":11}}]}}},"/home/travis/build/aghoneim92/bpm/lib/constants.js":{"path":"/home/travis/build/aghoneim92/bpm/lib/constants.js","s":{"1":1,"2":1,"3":1,"4":1,"5":1,"6":1,"7":1,"8":1,"9":1},"b":{},"f":{},"fnMap":{},"statementMap":{"1":{"start":{"line":1,"column":0},"end":{"line":1,"column":38}},"2":{"start":{"line":3,"column":0},"end":{"line":7,"column":7}},"3":{"start":{"line":8,"column":0},"end":{"line":14,"column":1}},"4":{"start":{"line":16,"column":0},"end":{"line":20,"column":11}},"5":{"start":{"line":22,"column":0},"end":{"line":22,"column":62}},"6":{"start":{"line":24,"column":0},"end":{"line":25,"column":77}},"7":{"start":{"line":27,"column":0},"end":{"line":96,"column":1}},"8":{"start":{"line":98,"column":0},"end":{"line":98,"column":35}},"9":{"start":{"line":100,"column":0},"end":{"line":106,"column":1}}},"branchMap":{}},"/home/travis/build/aghoneim92/bpm/lib/__tests__/getAll.js":{"path":"/home/travis/build/aghoneim92/bpm/lib/__tests__/getAll.js","s":{"1":1,"2":1,"3":1,"4":1,"5":1,"6":1,"7":1,"8":1,"9":1,"10":1,"11":1,"12":1,"13":1,"14":4,"15":13,"16":4,"17":1,"18":1,"19":1,"20":1,"21":1,"22":1,"23":1,"24":1,"25":1,"26":1,"27":1,"28":1,"29":1,"30":1,"31":4,"32":9,"33":4,"34":4,"35":3,"36":3,"37":1,"38":1},"b":{"1":[3,1],"2":[4,3]},"f":{},"fnMap":{},"statementMap":{"1":{"start":{"line":1,"column":0},"end":{"line":1,"column":35}},"2":{"start":{"line":2,"column":0},"end":{"line":2,"column":26}},"3":{"start":{"line":3,"column":0},"end":{"line":3,"column":44}},"4":{"start":{"line":4,"column":0},"end":{"line":4,"column":34}},"5":{"start":{"line":5,"column":0},"end":{"line":5,"column":32}},"6":{"start":{"line":6,"column":0},"end":{"line":6,"column":39}},"7":{"start":{"line":7,"column":0},"end":{"line":7,"column":42}},"8":{"start":{"line":9,"column":0},"end":{"line":9,"column":25}},"9":{"start":{"line":10,"column":0},"end":{"line":10,"column":27}},"10":{"start":{"line":12,"column":0},"end":{"line":12,"column":21}},"11":{"start":{"line":13,"column":0},"end":{"line":13,"column":26}},"12":{"start":{"line":15,"column":0},"end":{"line":24,"column":1}},"13":{"start":{"line":15,"column":35},"end":{"line":24,"column":1}},"14":{"start":{"line":16,"column":11},"end":{"line":20,"column":3}},"15":{"start":{"line":18,"column":12},"end":{"line":18,"column":38}},"16":{"start":{"line":22,"column":12},"end":{"line":22,"column":35}},"17":{"start":{"line":25,"column":0},"end":{"line":25,"column":37}},"18":{"start":{"line":26,"column":0},"end":{"line":29,"column":1}},"19":{"start":{"line":26,"column":29},"end":{"line":29,"column":1}},"20":{"start":{"line":30,"column":0},"end":{"line":30,"column":36}},"21":{"start":{"line":32,"column":0},"end":{"line":63,"column":2}},"22":{"start":{"line":33,"column":2},"end":{"line":42,"column":3}},"23":{"start":{"line":36,"column":8},"end":{"line":36,"column":44}},"24":{"start":{"line":37,"column":8},"end":{"line":37,"column":20}},"25":{"start":{"line":38,"column":8},"end":{"line":38,"column":46}},"26":{"start":{"line":39,"column":8},"end":{"line":39,"column":27}},"27":{"start":{"line":44,"column":2},"end":{"line":62,"column":4}},"28":{"start":{"line":46,"column":6},"end":{"line":46,"column":24}},"29":{"start":{"line":47,"column":6},"end":{"line":47,"column":37}},"30":{"start":{"line":48,"column":6},"end":{"line":59,"column":7}},"31":{"start":{"line":50,"column":10},"end":{"line":50,"column":76}},"32":{"start":{"line":50,"column":55},"end":{"line":50,"column":75}},"33":{"start":{"line":51,"column":10},"end":{"line":51,"column":43}},"34":{"start":{"line":52,"column":10},"end":{"line":57,"column":11}},"35":{"start":{"line":53,"column":12},"end":{"line":53,"column":39}},"36":{"start":{"line":54,"column":12},"end":{"line":54,"column":71}},"37":{"start":{"line":56,"column":12},"end":{"line":56,"column":43}},"38":{"start":{"line":60,"column":6},"end":{"line":60,"column":26}}},"branchMap":{"1":{"line":52,"type":"if","locations":[{"start":{"line":52,"column":10},"end":{"line":52,"column":10}},{"start":{"line":52,"column":10},"end":{"line":52,"column":10}}]},"2":{"line":52,"type":"binary-expr","locations":[{"start":{"line":52,"column":14},"end":{"line":52,"column":17}},{"start":{"line":52,"column":21},"end":{"line":52,"column":31}}]}}},"/home/travis/build/aghoneim92/bpm/lib/getAll.js":{"path":"/home/travis/build/aghoneim92/bpm/lib/getAll.js","s":{"1":1,"2":1,"3":1,"4":2,"5":2,"6":7,"7":1},"b":{"1":[7,7,7,7]},"f":{},"fnMap":{},"statementMap":{"1":{"start":{"line":1,"column":0},"end":{"line":1,"column":26}},"2":{"start":{"line":3,"column":0},"end":{"line":5,"column":1}},"3":{"start":{"line":7,"column":0},"end":{"line":15,"column":1}},"4":{"start":{"line":8,"column":2},"end":{"line":8,"column":33}},"5":{"start":{"line":9,"column":2},"end":{"line":14,"column":20}},"6":{"start":{"line":10,"column":22},"end":{"line":13,"column":6}},"7":{"start":{"line":17,"column":0},"end":{"line":17,"column":34}}},"branchMap":{"1":{"line":10,"type":"binary-expr","locations":[{"start":{"line":10,"column":22},"end":{"line":10,"column":44}},{"start":{"line":10,"column":48},"end":{"line":10,"column":53}},{"start":{"line":10,"column":57},"end":{"line":10,"column":69}},{"start":{"line":10,"column":74},"end":{"line":13,"column":5}}]}}},"/home/travis/build/aghoneim92/bpm/lib/__tests__/install.js":{"path":"/home/travis/build/aghoneim92/bpm/lib/__tests__/install.js","s":{"1":1,"2":1,"3":1,"4":1,"5":1,"6":1,"7":1,"8":1,"9":1,"10":1,"11":1,"12":1,"13":1,"14":1,"15":1,"16":2,"17":1,"18":1,"19":1,"20":1,"21":1},"b":{},"f":{},"fnMap":{},"statementMap":{"1":{"start":{"line":1,"column":0},"end":{"line":1,"column":41}},"2":{"start":{"line":2,"column":0},"end":{"line":2,"column":38}},"3":{"start":{"line":3,"column":0},"end":{"line":3,"column":34}},"4":{"start":{"line":5,"column":0},"end":{"line":41,"column":2}},"5":{"start":{"line":6,"column":2},"end":{"line":9,"column":3}},"6":{"start":{"line":10,"column":2},"end":{"line":10,"column":48}},"7":{"start":{"line":11,"column":2},"end":{"line":11,"column":38}},"8":{"start":{"line":13,"column":2},"end":{"line":35,"column":4}},"9":{"start":{"line":14,"column":4},"end":{"line":14,"column":40}},"10":{"start":{"line":15,"column":4},"end":{"line":15,"column":56}},"11":{"start":{"line":17,"column":4},"end":{"line":34,"column":5}},"12":{"start":{"line":18,"column":6},"end":{"line":22,"column":8}},"13":{"start":{"line":23,"column":6},"end":{"line":26,"column":7}},"14":{"start":{"line":25,"column":10},"end":{"line":25,"column":61}},"15":{"start":{"line":27,"column":6},"end":{"line":30,"column":7}},"16":{"start":{"line":29,"column":10},"end":{"line":29,"column":61}},"17":{"start":{"line":32,"column":6},"end":{"line":32,"column":27}},"18":{"start":{"line":33,"column":6},"end":{"line":33,"column":23}},"19":{"start":{"line":37,"column":2},"end":{"line":40,"column":4}},"20":{"start":{"line":38,"column":4},"end":{"line":38,"column":55}},"21":{"start":{"line":39,"column":4},"end":{"line":39,"column":55}}},"branchMap":{}},"/home/travis/build/aghoneim92/bpm/lib/__tests__/root.js":{"path":"/home/travis/build/aghoneim92/bpm/lib/__tests__/root.js","s":{"1":1,"2":1,"3":1},"b":{},"f":{},"fnMap":{},"statementMap":{"1":{"start":{"line":1,"column":0},"end":{"line":1,"column":28}},"2":{"start":{"line":2,"column":0},"end":{"line":2,"column":39}},"3":{"start":{"line":4,"column":0},"end":{"line":4,"column":19}}},"branchMap":{}},"/home/travis/build/aghoneim92/bpm/lib/__tests__/uninstall.js":{"path":"/home/travis/build/aghoneim92/bpm/lib/__tests__/uninstall.js","s":{"1":1,"2":1,"3":1,"4":1,"5":1,"6":1,"7":1,"8":1},"b":{},"f":{},"fnMap":{},"statementMap":{"1":{"start":{"line":1,"column":0},"end":{"line":1,"column":45}},"2":{"start":{"line":2,"column":0},"end":{"line":2,"column":34}},"3":{"start":{"line":4,"column":0},"end":{"line":19,"column":2}},"4":{"start":{"line":5,"column":2},"end":{"line":18,"column":4}},"5":{"start":{"line":6,"column":4},"end":{"line":6,"column":50}},"6":{"start":{"line":7,"column":4},"end":{"line":10,"column":5}},"7":{"start":{"line":11,"column":4},"end":{"line":14,"column":6}},"8":{"start":{"line":15,"column":4},"end":{"line":17,"column":37}}},"branchMap":{}}}