{"/home/travis/build/aghoneim92/bpm/lib/__tests__/addPrefix.js":{"path":"/home/travis/build/aghoneim92/bpm/lib/__tests__/addPrefix.js","s":{"1":1,"2":1,"3":1,"4":1,"5":1,"6":1,"7":1,"8":1,"9":1,"10":0,"11":1,"12":0,"13":1,"14":1,"15":1,"16":1,"17":1,"18":3},"b":{},"f":{},"fnMap":{},"statementMap":{"1":{"start":{"line":1,"column":0},"end":{"line":1,"column":42}},"2":{"start":{"line":2,"column":0},"end":{"line":2,"column":39}},"3":{"start":{"line":3,"column":0},"end":{"line":3,"column":34}},"4":{"start":{"line":4,"column":0},"end":{"line":4,"column":41}},"5":{"start":{"line":6,"column":0},"end":{"line":6,"column":36}},"6":{"start":{"line":8,"column":0},"end":{"line":8,"column":50}},"7":{"start":{"line":9,"column":0},"end":{"line":9,"column":25}},"8":{"start":{"line":11,"column":0},"end":{"line":36,"column":2}},"9":{"start":{"line":12,"column":2},"end":{"line":14,"column":16}},"10":{"start":{"line":13,"column":10},"end":{"line":13,"column":21}},"11":{"start":{"line":15,"column":2},"end":{"line":17,"column":16}},"12":{"start":{"line":16,"column":10},"end":{"line":16,"column":23}},"13":{"start":{"line":18,"column":2},"end":{"line":21,"column":15}},"14":{"start":{"line":22,"column":2},"end":{"line":26,"column":4}},"15":{"start":{"line":23,"column":10},"end":{"line":25,"column":5}},"16":{"start":{"line":27,"column":2},"end":{"line":35,"column":3}},"17":{"start":{"line":29,"column":6},"end":{"line":33,"column":18}},"18":{"start":{"line":31,"column":26},"end":{"line":31,"column":72}}},"branchMap":{}},"/home/travis/build/aghoneim92/bpm/lib/schedule.js":{"path":"/home/travis/build/aghoneim92/bpm/lib/schedule.js","s":{"1":1,"2":5,"3":5,"4":5,"5":0,"6":0,"7":5},"b":{"1":[0,5],"2":[5,2]},"f":{},"fnMap":{},"statementMap":{"1":{"start":{"line":1,"column":0},"end":{"line":12,"column":1}},"2":{"start":{"line":1,"column":23},"end":{"line":12,"column":1}},"3":{"start":{"line":2,"column":2},"end":{"line":2,"column":21}},"4":{"start":{"line":3,"column":2},"end":{"line":11,"column":3}},"5":{"start":{"line":4,"column":4},"end":{"line":8,"column":5}},"6":{"start":{"line":7,"column":12},"end":{"line":7,"column":18}},"7":{"start":{"line":10,"column":4},"end":{"line":10,"column":10}}},"branchMap":{"1":{"line":3,"type":"if","locations":[{"start":{"line":3,"column":2},"end":{"line":3,"column":2}},{"start":{"line":3,"column":2},"end":{"line":3,"column":2}}]},"2":{"line":3,"type":"binary-expr","locations":[{"start":{"line":3,"column":6},"end":{"line":3,"column":12}},{"start":{"line":3,"column":16},"end":{"line":3,"column":27}}]}}},"/home/travis/build/aghoneim92/bpm/lib/addPrefix.js":{"path":"/home/travis/build/aghoneim92/bpm/lib/addPrefix.js","s":{"1":1,"2":1,"3":1,"4":3,"5":1},"b":{},"f":{},"fnMap":{},"statementMap":{"1":{"start":{"line":1,"column":0},"end":{"line":6,"column":1}},"2":{"start":{"line":8,"column":0},"end":{"line":16,"column":13}},"3":{"start":{"line":14,"column":2},"end":{"line":16,"column":13}},"4":{"start":{"line":15,"column":18},"end":{"line":15,"column":66}},"5":{"start":{"line":18,"column":0},"end":{"line":18,"column":46}}},"branchMap":{}},"/home/travis/build/aghoneim92/bpm/lib/__tests__/applyCmd.js":{"path":"/home/travis/build/aghoneim92/bpm/lib/__tests__/applyCmd.js","s":{"1":1,"2":1,"3":1,"4":1,"5":1,"6":1,"7":1,"8":1,"9":1,"10":1,"11":1,"12":1,"13":1,"14":1,"15":3,"16":3,"17":3,"18":3,"19":3,"20":3,"21":3,"22":3,"23":3,"24":3},"b":{},"f":{},"fnMap":{},"statementMap":{"1":{"start":{"line":1,"column":0},"end":{"line":1,"column":41}},"2":{"start":{"line":2,"column":0},"end":{"line":2,"column":37}},"3":{"start":{"line":3,"column":0},"end":{"line":3,"column":35}},"4":{"start":{"line":4,"column":0},"end":{"line":4,"column":38}},"5":{"start":{"line":5,"column":0},"end":{"line":5,"column":39}},"6":{"start":{"line":6,"column":0},"end":{"line":6,"column":34}},"7":{"start":{"line":7,"column":0},"end":{"line":7,"column":58}},"8":{"start":{"line":9,"column":0},"end":{"line":13,"column":11}},"9":{"start":{"line":15,"column":0},"end":{"line":19,"column":1}},"10":{"start":{"line":21,"column":0},"end":{"line":46,"column":2}},"11":{"start":{"line":22,"column":2},"end":{"line":22,"column":39}},"12":{"start":{"line":23,"column":2},"end":{"line":23,"column":48}},"13":{"start":{"line":24,"column":2},"end":{"line":24,"column":45}},"14":{"start":{"line":26,"column":2},"end":{"line":45,"column":3}},"15":{"start":{"line":27,"column":20},"end":{"line":44,"column":6}},"16":{"start":{"line":28,"column":6},"end":{"line":28,"column":38}},"17":{"start":{"line":29,"column":6},"end":{"line":29,"column":42}},"18":{"start":{"line":30,"column":6},"end":{"line":35,"column":7}},"19":{"start":{"line":36,"column":6},"end":{"line":36,"column":20}},"20":{"start":{"line":37,"column":6},"end":{"line":43,"column":7}},"21":{"start":{"line":38,"column":8},"end":{"line":38,"column":41}},"22":{"start":{"line":39,"column":8},"end":{"line":39,"column":57}},"23":{"start":{"line":41,"column":8},"end":{"line":41,"column":23}},"24":{"start":{"line":42,"column":8},"end":{"line":42,"column":25}}},"branchMap":{}},"/home/travis/build/aghoneim92/bpm/lib/uninstall.js":{"path":"/home/travis/build/aghoneim92/bpm/lib/uninstall.js","s":{"1":1,"2":1,"3":3,"4":3,"5":3,"6":2},"b":{"1":[3,0],"2":[2,1]},"f":{},"fnMap":{},"statementMap":{"1":{"start":{"line":1,"column":0},"end":{"line":1,"column":36}},"2":{"start":{"line":3,"column":0},"end":{"line":12,"column":1}},"3":{"start":{"line":6,"column":2},"end":{"line":8,"column":3}},"4":{"start":{"line":7,"column":4},"end":{"line":7,"column":55}},"5":{"start":{"line":9,"column":2},"end":{"line":11,"column":3}},"6":{"start":{"line":10,"column":4},"end":{"line":10,"column":55}}},"branchMap":{"1":{"line":6,"type":"if","locations":[{"start":{"line":6,"column":2},"end":{"line":6,"column":2}},{"start":{"line":6,"column":2},"end":{"line":6,"column":2}}]},"2":{"line":9,"type":"if","locations":[{"start":{"line":9,"column":2},"end":{"line":9,"column":2}},{"start":{"line":9,"column":2},"end":{"line":9,"column":2}}]}}},"/home/travis/build/aghoneim92/bpm/lib/install.js":{"path":"/home/travis/build/aghoneim92/bpm/lib/install.js","s":{"1":1,"2":1,"3":3,"4":6,"5":6,"6":6,"7":9,"8":7,"9":6,"10":6},"b":{"1":[7,7,4]},"f":{},"fnMap":{},"statementMap":{"1":{"start":{"line":1,"column":0},"end":{"line":1,"column":35}},"2":{"start":{"line":3,"column":0},"end":{"line":18,"column":1}},"3":{"start":{"line":3,"column":36},"end":{"line":18,"column":1}},"4":{"start":{"line":5,"column":4},"end":{"line":5,"column":31}},"5":{"start":{"line":6,"column":4},"end":{"line":6,"column":31}},"6":{"start":{"line":7,"column":4},"end":{"line":14,"column":5}},"7":{"start":{"line":9,"column":8},"end":{"line":13,"column":9}},"8":{"start":{"line":11,"column":12},"end":{"line":12,"column":64}},"9":{"start":{"line":15,"column":4},"end":{"line":15,"column":48}},"10":{"start":{"line":16,"column":4},"end":{"line":16,"column":66}}},"branchMap":{"1":{"line":11,"type":"binary-expr","locations":[{"start":{"line":11,"column":12},"end":{"line":11,"column":30}},{"start":{"line":12,"column":12},"end":{"line":12,"column":36}},{"start":{"line":12,"column":40},"end":{"line":12,"column":64}}]}}},"/home/travis/build/aghoneim92/bpm/lib/update.js":{"path":"/home/travis/build/aghoneim92/bpm/lib/update.js","s":{"1":1,"2":2},"b":{"1":[2,0],"2":[2,0],"3":[2,2],"4":[2,0]},"f":{},"fnMap":{},"statementMap":{"1":{"start":{"line":1,"column":0},"end":{"line":19,"column":3}},"2":{"start":{"line":5,"column":2},"end":{"line":19,"column":3}}},"branchMap":{"1":{"line":7,"type":"cond-expr","locations":[{"start":{"line":8,"column":6},"end":{"line":8,"column":37}},{"start":{"line":9,"column":6},"end":{"line":9,"column":8}}]},"2":{"line":11,"type":"cond-expr","locations":[{"start":{"line":12,"column":6},"end":{"line":12,"column":12}},{"start":{"line":13,"column":6},"end":{"line":13,"column":8}}]},"3":{"line":11,"type":"binary-expr","locations":[{"start":{"line":11,"column":6},"end":{"line":11,"column":13}},{"start":{"line":11,"column":17},"end":{"line":11,"column":24}}]},"4":{"line":15,"type":"cond-expr","locations":[{"start":{"line":16,"column":6},"end":{"line":16,"column":37}},{"start":{"line":17,"column":6},"end":{"line":17,"column":8}}]}}},"/home/travis/build/aghoneim92/bpm/lib/applyCmd.js":{"path":"/home/travis/build/aghoneim92/bpm/lib/applyCmd.js","s":{"1":1,"2":1,"3":1,"4":1,"5":6,"6":2,"7":2,"8":2,"9":2,"10":1,"11":1},"b":{"1":[1,2,1,2,1]},"f":{},"fnMap":{},"statementMap":{"1":{"start":{"line":1,"column":0},"end":{"line":1,"column":36}},"2":{"start":{"line":2,"column":0},"end":{"line":2,"column":40}},"3":{"start":{"line":3,"column":0},"end":{"line":3,"column":34}},"4":{"start":{"line":5,"column":0},"end":{"line":24,"column":1}},"5":{"start":{"line":11,"column":2},"end":{"line":23,"column":3}},"6":{"start":{"line":14,"column":6},"end":{"line":14,"column":52}},"7":{"start":{"line":15,"column":6},"end":{"line":15,"column":11}},"8":{"start":{"line":18,"column":6},"end":{"line":18,"column":54}},"9":{"start":{"line":19,"column":6},"end":{"line":19,"column":11}},"10":{"start":{"line":21,"column":6},"end":{"line":21,"column":42}},"11":{"start":{"line":22,"column":6},"end":{"line":22,"column":11}}},"branchMap":{"1":{"line":11,"type":"switch","locations":[{"start":{"line":12,"column":4},"end":{"line":12,"column":19}},{"start":{"line":13,"column":4},"end":{"line":15,"column":11}},{"start":{"line":16,"column":4},"end":{"line":16,"column":21}},{"start":{"line":17,"column":4},"end":{"line":19,"column":11}},{"start":{"line":20,"column":4},"end":{"line":22,"column":11}}]}}},"/home/travis/build/aghoneim92/bpm/lib/readBabelRC.js":{"path":"/home/travis/build/aghoneim92/bpm/lib/readBabelRC.js","s":{"1":1,"2":1,"3":1,"4":1,"5":1,"6":4,"7":4,"8":4,"9":3,"10":1},"b":{"1":[3,1]},"f":{},"fnMap":{},"statementMap":{"1":{"start":{"line":1,"column":0},"end":{"line":1,"column":26}},"2":{"start":{"line":2,"column":0},"end":{"line":2,"column":24}},"3":{"start":{"line":4,"column":0},"end":{"line":7,"column":1}},"4":{"start":{"line":9,"column":0},"end":{"line":9,"column":42}},"5":{"start":{"line":11,"column":0},"end":{"line":22,"column":1}},"6":{"start":{"line":12,"column":2},"end":{"line":12,"column":33}},"7":{"start":{"line":13,"column":2},"end":{"line":13,"column":41}},"8":{"start":{"line":15,"column":2},"end":{"line":21,"column":28}},"9":{"start":{"line":16,"column":4},"end":{"line":20,"column":5}},"10":{"start":{"line":21,"column":9},"end":{"line":21,"column":28}}},"branchMap":{"1":{"line":15,"type":"if","locations":[{"start":{"line":15,"column":2},"end":{"line":15,"column":2}},{"start":{"line":15,"column":2},"end":{"line":15,"column":2}}]}}},"/home/travis/build/aghoneim92/bpm/lib/__tests__/checkForYarn.js":{"path":"/home/travis/build/aghoneim92/bpm/lib/__tests__/checkForYarn.js","s":{"1":1,"2":1,"3":1,"4":1,"5":1,"6":1,"7":1,"8":1,"9":1,"10":1,"11":1,"12":1,"13":1,"14":1,"15":1,"16":1,"17":1,"18":1,"19":1,"20":1,"21":1,"22":1,"23":1,"24":1,"25":1,"26":1,"27":1,"28":1,"29":1,"30":1,"31":1},"b":{"1":[1,0]},"f":{},"fnMap":{},"statementMap":{"1":{"start":{"line":1,"column":0},"end":{"line":1,"column":47}},"2":{"start":{"line":2,"column":0},"end":{"line":2,"column":34}},"3":{"start":{"line":3,"column":0},"end":{"line":3,"column":38}},"4":{"start":{"line":4,"column":0},"end":{"line":4,"column":46}},"5":{"start":{"line":5,"column":0},"end":{"line":5,"column":41}},"6":{"start":{"line":7,"column":0},"end":{"line":45,"column":2}},"7":{"start":{"line":8,"column":2},"end":{"line":16,"column":4}},"8":{"start":{"line":9,"column":4},"end":{"line":9,"column":40}},"9":{"start":{"line":10,"column":4},"end":{"line":10,"column":28}},"10":{"start":{"line":11,"column":4},"end":{"line":15,"column":5}},"11":{"start":{"line":12,"column":14},"end":{"line":12,"column":38}},"12":{"start":{"line":14,"column":12},"end":{"line":14,"column":29}},"13":{"start":{"line":18,"column":2},"end":{"line":18,"column":30}},"14":{"start":{"line":20,"column":2},"end":{"line":44,"column":4}},"15":{"start":{"line":21,"column":4},"end":{"line":21,"column":40}},"16":{"start":{"line":22,"column":4},"end":{"line":22,"column":46}},"17":{"start":{"line":23,"column":4},"end":{"line":25,"column":5}},"18":{"start":{"line":24,"column":6},"end":{"line":24,"column":47}},"19":{"start":{"line":24,"column":17},"end":{"line":24,"column":46}},"20":{"start":{"line":26,"column":4},"end":{"line":26,"column":27}},"21":{"start":{"line":27,"column":4},"end":{"line":43,"column":5}},"22":{"start":{"line":29,"column":8},"end":{"line":29,"column":43}},"23":{"start":{"line":30,"column":8},"end":{"line":30,"column":56}},"24":{"start":{"line":31,"column":8},"end":{"line":31,"column":42}},"25":{"start":{"line":32,"column":8},"end":{"line":32,"column":43}},"26":{"start":{"line":33,"column":8},"end":{"line":33,"column":41}},"27":{"start":{"line":34,"column":8},"end":{"line":34,"column":46}},"28":{"start":{"line":35,"column":8},"end":{"line":35,"column":35}},"29":{"start":{"line":39,"column":8},"end":{"line":39,"column":25}},"30":{"start":{"line":40,"column":8},"end":{"line":40,"column":25}},"31":{"start":{"line":41,"column":8},"end":{"line":41,"column":24}}},"branchMap":{"1":{"line":24,"type":"cond-expr","locations":[{"start":{"line":24,"column":23},"end":{"line":24,"column":34}},{"start":{"line":24,"column":37},"end":{"line":24,"column":46}}]}}},"/home/travis/build/aghoneim92/bpm/lib/checkForYarn.js":{"path":"/home/travis/build/aghoneim92/bpm/lib/checkForYarn.js","s":{"1":1,"2":1,"3":1,"4":1,"5":0,"6":0,"7":1,"8":2,"9":2,"10":1,"11":1,"12":1,"13":0,"14":0,"15":2,"16":2,"17":1},"b":{"1":[0,0],"2":[1,1]},"f":{},"fnMap":{},"statementMap":{"1":{"start":{"line":1,"column":0},"end":{"line":1,"column":46}},"2":{"start":{"line":2,"column":0},"end":{"line":2,"column":40}},"3":{"start":{"line":3,"column":0},"end":{"line":3,"column":35}},"4":{"start":{"line":5,"column":0},"end":{"line":7,"column":1}},"5":{"start":{"line":6,"column":27},"end":{"line":6,"column":63}},"6":{"start":{"line":6,"column":34},"end":{"line":6,"column":63}},"7":{"start":{"line":9,"column":0},"end":{"line":28,"column":1}},"8":{"start":{"line":9,"column":31},"end":{"line":28,"column":1}},"9":{"start":{"line":11,"column":4},"end":{"line":16,"column":5}},"10":{"start":{"line":12,"column":6},"end":{"line":12,"column":14}},"11":{"start":{"line":14,"column":6},"end":{"line":14,"column":41}},"12":{"start":{"line":15,"column":6},"end":{"line":15,"column":66}},"13":{"start":{"line":20,"column":4},"end":{"line":20,"column":30}},"14":{"start":{"line":21,"column":4},"end":{"line":21,"column":15}},"15":{"start":{"line":25,"column":4},"end":{"line":25,"column":34}},"16":{"start":{"line":26,"column":4},"end":{"line":26,"column":16}},"17":{"start":{"line":29,"column":0},"end":{"line":29,"column":22}}},"branchMap":{"1":{"line":6,"type":"cond-expr","locations":[{"start":{"line":6,"column":40},"end":{"line":6,"column":51}},{"start":{"line":6,"column":54},"end":{"line":6,"column":63}}]},"2":{"line":11,"type":"if","locations":[{"start":{"line":11,"column":4},"end":{"line":11,"column":4}},{"start":{"line":11,"column":4},"end":{"line":11,"column":4}}]}}},"/home/travis/build/aghoneim92/bpm/lib/constants.js":{"path":"/home/travis/build/aghoneim92/bpm/lib/constants.js","s":{"1":1,"2":1,"3":1,"4":1,"5":1,"6":1,"7":1,"8":1,"9":1},"b":{},"f":{},"fnMap":{},"statementMap":{"1":{"start":{"line":1,"column":0},"end":{"line":1,"column":38}},"2":{"start":{"line":3,"column":0},"end":{"line":7,"column":7}},"3":{"start":{"line":8,"column":0},"end":{"line":14,"column":1}},"4":{"start":{"line":16,"column":0},"end":{"line":21,"column":11}},"5":{"start":{"line":23,"column":0},"end":{"line":23,"column":62}},"6":{"start":{"line":25,"column":0},"end":{"line":26,"column":77}},"7":{"start":{"line":28,"column":0},"end":{"line":97,"column":1}},"8":{"start":{"line":99,"column":0},"end":{"line":99,"column":35}},"9":{"start":{"line":101,"column":0},"end":{"line":108,"column":1}}},"branchMap":{}},"/home/travis/build/aghoneim92/bpm/lib/__tests__/classifyModules.js":{"path":"/home/travis/build/aghoneim92/bpm/lib/__tests__/classifyModules.js","s":{"1":1,"2":1,"3":1,"4":1,"5":1,"6":1,"7":1,"8":1,"9":1,"10":2},"b":{"1":[1,1]},"f":{},"fnMap":{},"statementMap":{"1":{"start":{"line":1,"column":0},"end":{"line":1,"column":34}},"2":{"start":{"line":2,"column":0},"end":{"line":2,"column":42}},"3":{"start":{"line":4,"column":0},"end":{"line":4,"column":53}},"4":{"start":{"line":5,"column":0},"end":{"line":5,"column":39}},"5":{"start":{"line":7,"column":0},"end":{"line":10,"column":1}},"6":{"start":{"line":12,"column":0},"end":{"line":25,"column":2}},"7":{"start":{"line":13,"column":2},"end":{"line":24,"column":4}},"8":{"start":{"line":15,"column":6},"end":{"line":15,"column":49}},"9":{"start":{"line":17,"column":6},"end":{"line":22,"column":7}},"10":{"start":{"line":19,"column":8},"end":{"line":21,"column":74}}},"branchMap":{"1":{"line":19,"type":"cond-expr","locations":[{"start":{"line":20,"column":8},"end":{"line":20,"column":74}},{"start":{"line":21,"column":8},"end":{"line":21,"column":74}}]}}},"/home/travis/build/aghoneim92/bpm/lib/classifyModules.js":{"path":"/home/travis/build/aghoneim92/bpm/lib/classifyModules.js","s":{"1":1,"2":1,"3":2},"b":{"1":[1,1]},"f":{},"fnMap":{},"statementMap":{"1":{"start":{"line":1,"column":0},"end":{"line":9,"column":3}},"2":{"start":{"line":2,"column":2},"end":{"line":9,"column":3}},"3":{"start":{"line":4,"column":6},"end":{"line":8,"column":8}}},"branchMap":{"1":{"line":4,"type":"cond-expr","locations":[{"start":{"line":4,"column":39},"end":{"line":6,"column":7}},{"start":{"line":6,"column":12},"end":{"line":8,"column":7}}]}}},"/home/travis/build/aghoneim92/bpm/lib/__tests__/exec.js":{"path":"/home/travis/build/aghoneim92/bpm/lib/__tests__/exec.js","s":{"1":1,"2":1,"3":1,"4":1,"5":1,"6":1,"7":1,"8":1,"9":1,"10":1,"11":1,"12":1,"13":1,"14":1,"15":1,"16":1,"17":1,"18":1,"19":1,"20":0,"21":0,"22":1,"23":1,"24":1,"25":1,"26":1,"27":1,"28":1,"29":1,"30":0,"31":0,"32":0,"33":0,"34":0,"35":1,"36":1,"37":1,"38":1,"39":1,"40":1,"41":1,"42":1,"43":1,"44":0,"45":0,"46":1,"47":1,"48":1,"49":0,"50":0,"51":0,"52":0,"53":1,"54":1,"55":1,"56":1,"57":1,"58":1,"59":0,"60":0,"61":1,"62":1,"63":1,"64":0,"65":0,"66":0,"67":0,"68":1,"69":1,"70":1,"71":1},"b":{"1":[0,0],"2":[0,0]},"f":{},"fnMap":{},"statementMap":{"1":{"start":{"line":1,"column":0},"end":{"line":1,"column":34}},"2":{"start":{"line":2,"column":0},"end":{"line":2,"column":38}},"3":{"start":{"line":3,"column":0},"end":{"line":3,"column":46}},"4":{"start":{"line":4,"column":0},"end":{"line":4,"column":26}},"5":{"start":{"line":5,"column":0},"end":{"line":5,"column":31}},"6":{"start":{"line":6,"column":0},"end":{"line":6,"column":31}},"7":{"start":{"line":8,"column":0},"end":{"line":10,"column":1}},"8":{"start":{"line":12,"column":0},"end":{"line":119,"column":2}},"9":{"start":{"line":13,"column":2},"end":{"line":13,"column":18}},"10":{"start":{"line":15,"column":2},"end":{"line":29,"column":3}},"11":{"start":{"line":17,"column":6},"end":{"line":17,"column":48}},"12":{"start":{"line":18,"column":6},"end":{"line":18,"column":42}},"13":{"start":{"line":20,"column":6},"end":{"line":27,"column":7}},"14":{"start":{"line":21,"column":14},"end":{"line":21,"column":62}},"15":{"start":{"line":24,"column":10},"end":{"line":24,"column":27}},"16":{"start":{"line":25,"column":10},"end":{"line":25,"column":27}},"17":{"start":{"line":31,"column":2},"end":{"line":61,"column":3}},"18":{"start":{"line":33,"column":6},"end":{"line":33,"column":16}},"19":{"start":{"line":34,"column":6},"end":{"line":36,"column":7}},"20":{"start":{"line":35,"column":8},"end":{"line":35,"column":68}},"21":{"start":{"line":35,"column":29},"end":{"line":35,"column":67}},"22":{"start":{"line":37,"column":6},"end":{"line":37,"column":41}},"23":{"start":{"line":37,"column":34},"end":{"line":37,"column":38}},"24":{"start":{"line":38,"column":6},"end":{"line":38,"column":64}},"25":{"start":{"line":38,"column":55},"end":{"line":38,"column":63}},"26":{"start":{"line":38,"column":61},"end":{"line":38,"column":63}},"27":{"start":{"line":39,"column":6},"end":{"line":39,"column":44}},"28":{"start":{"line":40,"column":6},"end":{"line":40,"column":41}},"29":{"start":{"line":42,"column":6},"end":{"line":59,"column":7}},"30":{"start":{"line":44,"column":10},"end":{"line":44,"column":44}},"31":{"start":{"line":45,"column":10},"end":{"line":45,"column":45}},"32":{"start":{"line":46,"column":10},"end":{"line":46,"column":47}},"33":{"start":{"line":47,"column":10},"end":{"line":47,"column":56}},"34":{"start":{"line":48,"column":10},"end":{"line":48,"column":65}},"35":{"start":{"line":51,"column":14},"end":{"line":51,"column":18}},"36":{"start":{"line":54,"column":10},"end":{"line":54,"column":26}},"37":{"start":{"line":55,"column":10},"end":{"line":55,"column":33}},"38":{"start":{"line":56,"column":10},"end":{"line":56,"column":27}},"39":{"start":{"line":57,"column":10},"end":{"line":57,"column":29}},"40":{"start":{"line":63,"column":2},"end":{"line":89,"column":3}},"41":{"start":{"line":65,"column":6},"end":{"line":65,"column":16}},"42":{"start":{"line":66,"column":6},"end":{"line":66,"column":42}},"43":{"start":{"line":67,"column":6},"end":{"line":69,"column":7}},"44":{"start":{"line":68,"column":8},"end":{"line":68,"column":68}},"45":{"start":{"line":68,"column":29},"end":{"line":68,"column":67}},"46":{"start":{"line":70,"column":6},"end":{"line":70,"column":42}},"47":{"start":{"line":72,"column":6},"end":{"line":87,"column":7}},"48":{"start":{"line":74,"column":10},"end":{"line":74,"column":44}},"49":{"start":{"line":75,"column":10},"end":{"line":75,"column":45}},"50":{"start":{"line":76,"column":10},"end":{"line":76,"column":50}},"51":{"start":{"line":77,"column":10},"end":{"line":77,"column":57}},"52":{"start":{"line":78,"column":10},"end":{"line":78,"column":71}},"53":{"start":{"line":81,"column":14},"end":{"line":81,"column":18}},"54":{"start":{"line":84,"column":10},"end":{"line":84,"column":27}},"55":{"start":{"line":85,"column":10},"end":{"line":85,"column":26}},"56":{"start":{"line":91,"column":2},"end":{"line":118,"column":3}},"57":{"start":{"line":93,"column":6},"end":{"line":93,"column":16}},"58":{"start":{"line":94,"column":6},"end":{"line":96,"column":7}},"59":{"start":{"line":95,"column":8},"end":{"line":95,"column":68}},"60":{"start":{"line":95,"column":29},"end":{"line":95,"column":67}},"61":{"start":{"line":97,"column":6},"end":{"line":97,"column":44}},"62":{"start":{"line":99,"column":6},"end":{"line":116,"column":7}},"63":{"start":{"line":101,"column":10},"end":{"line":101,"column":44}},"64":{"start":{"line":102,"column":10},"end":{"line":102,"column":45}},"65":{"start":{"line":103,"column":10},"end":{"line":103,"column":50}},"66":{"start":{"line":104,"column":10},"end":{"line":106,"column":11}},"67":{"start":{"line":105,"column":12},"end":{"line":105,"column":64}},"68":{"start":{"line":109,"column":14},"end":{"line":109,"column":18}},"69":{"start":{"line":112,"column":10},"end":{"line":112,"column":31}},"70":{"start":{"line":113,"column":10},"end":{"line":113,"column":27}},"71":{"start":{"line":114,"column":10},"end":{"line":114,"column":26}}},"branchMap":{"1":{"line":104,"type":"if","locations":[{"start":{"line":104,"column":10},"end":{"line":104,"column":10}},{"start":{"line":104,"column":10},"end":{"line":104,"column":10}}]},"2":{"line":104,"type":"binary-expr","locations":[{"start":{"line":104,"column":14},"end":{"line":104,"column":20}},{"start":{"line":104,"column":24},"end":{"line":104,"column":37}}]}}},"/home/travis/build/aghoneim92/bpm/lib/exec.js":{"path":"/home/travis/build/aghoneim92/bpm/lib/exec.js","s":{"1":1,"2":1,"3":1,"4":1,"5":1,"6":1,"7":1,"8":1,"9":7,"10":7,"11":1,"12":1,"13":6,"14":6,"15":0,"16":6,"17":6,"18":1,"19":7,"20":7,"21":1},"b":{"1":[1,6],"2":[0,6],"3":[6,0]},"f":{},"fnMap":{},"statementMap":{"1":{"start":{"line":1,"column":0},"end":{"line":1,"column":46}},"2":{"start":{"line":2,"column":0},"end":{"line":2,"column":30}},"3":{"start":{"line":3,"column":0},"end":{"line":3,"column":43}},"4":{"start":{"line":4,"column":0},"end":{"line":4,"column":26}},"5":{"start":{"line":5,"column":0},"end":{"line":5,"column":35}},"6":{"start":{"line":7,"column":0},"end":{"line":9,"column":1}},"7":{"start":{"line":8,"column":8},"end":{"line":8,"column":34}},"8":{"start":{"line":11,"column":0},"end":{"line":24,"column":1}},"9":{"start":{"line":11,"column":37},"end":{"line":24,"column":1}},"10":{"start":{"line":12,"column":2},"end":{"line":23,"column":3}},"11":{"start":{"line":13,"column":4},"end":{"line":13,"column":38}},"12":{"start":{"line":14,"column":4},"end":{"line":14,"column":15}},"13":{"start":{"line":16,"column":4},"end":{"line":16,"column":37}},"14":{"start":{"line":17,"column":4},"end":{"line":19,"column":5}},"15":{"start":{"line":18,"column":6},"end":{"line":18,"column":27}},"16":{"start":{"line":21,"column":4},"end":{"line":21,"column":42}},"17":{"start":{"line":22,"column":4},"end":{"line":22,"column":19}},"18":{"start":{"line":25,"column":0},"end":{"line":27,"column":1}},"19":{"start":{"line":25,"column":29},"end":{"line":27,"column":1}},"20":{"start":{"line":26,"column":23},"end":{"line":26,"column":72}},"21":{"start":{"line":28,"column":0},"end":{"line":28,"column":22}}},"branchMap":{"1":{"line":12,"type":"if","locations":[{"start":{"line":12,"column":2},"end":{"line":12,"column":2}},{"start":{"line":12,"column":2},"end":{"line":12,"column":2}}]},"2":{"line":17,"type":"if","locations":[{"start":{"line":17,"column":4},"end":{"line":17,"column":4}},{"start":{"line":17,"column":4},"end":{"line":17,"column":4}}]},"3":{"line":17,"type":"binary-expr","locations":[{"start":{"line":17,"column":8},"end":{"line":17,"column":14}},{"start":{"line":17,"column":18},"end":{"line":17,"column":31}}]}}},"/home/travis/build/aghoneim92/bpm/lib/__tests__/execNpm.js":{"path":"/home/travis/build/aghoneim92/bpm/lib/__tests__/execNpm.js","s":{"1":1,"2":1,"3":1,"4":1,"5":1,"6":1,"7":1,"8":1,"9":1,"10":1,"11":3,"12":1,"13":1,"14":1,"15":1,"16":1,"17":3,"18":3,"19":3,"20":3,"21":3,"22":3,"23":3,"24":3,"25":3,"26":3,"27":3,"28":3,"29":3,"30":3,"31":3,"32":3,"33":3,"34":3,"35":3,"36":3},"b":{},"f":{"1":1},"fnMap":{"1":{"name":"(anonymous_1)","line":30,"loc":{"start":{"line":30,"column":20},"end":{"line":30,"column":32}}}},"statementMap":{"1":{"start":{"line":1,"column":0},"end":{"line":1,"column":41}},"2":{"start":{"line":3,"column":0},"end":{"line":3,"column":34}},"3":{"start":{"line":4,"column":0},"end":{"line":4,"column":38}},"4":{"start":{"line":5,"column":0},"end":{"line":5,"column":26}},"5":{"start":{"line":6,"column":0},"end":{"line":6,"column":31}},"6":{"start":{"line":7,"column":0},"end":{"line":7,"column":24}},"7":{"start":{"line":8,"column":0},"end":{"line":8,"column":41}},"8":{"start":{"line":9,"column":0},"end":{"line":9,"column":49}},"9":{"start":{"line":11,"column":0},"end":{"line":11,"column":33}},"10":{"start":{"line":13,"column":0},"end":{"line":20,"column":2}},"11":{"start":{"line":13,"column":25},"end":{"line":20,"column":1}},"12":{"start":{"line":22,"column":0},"end":{"line":22,"column":43}},"13":{"start":{"line":24,"column":0},"end":{"line":28,"column":1}},"14":{"start":{"line":30,"column":0},"end":{"line":78,"column":2}},"15":{"start":{"line":31,"column":2},"end":{"line":31,"column":27}},"16":{"start":{"line":33,"column":2},"end":{"line":77,"column":3}},"17":{"start":{"line":35,"column":6},"end":{"line":50,"column":7}},"18":{"start":{"line":38,"column":10},"end":{"line":38,"column":43}},"19":{"start":{"line":39,"column":10},"end":{"line":39,"column":30}},"20":{"start":{"line":40,"column":10},"end":{"line":40,"column":31}},"21":{"start":{"line":41,"column":10},"end":{"line":41,"column":35}},"22":{"start":{"line":42,"column":10},"end":{"line":42,"column":39}},"23":{"start":{"line":44,"column":10},"end":{"line":48,"column":11}},"24":{"start":{"line":45,"column":18},"end":{"line":45,"column":79}},"25":{"start":{"line":47,"column":18},"end":{"line":47,"column":35}},"26":{"start":{"line":51,"column":6},"end":{"line":58,"column":7}},"27":{"start":{"line":54,"column":10},"end":{"line":54,"column":75}},"28":{"start":{"line":55,"column":10},"end":{"line":55,"column":58}},"29":{"start":{"line":56,"column":10},"end":{"line":56,"column":33}},"30":{"start":{"line":60,"column":6},"end":{"line":66,"column":7}},"31":{"start":{"line":63,"column":10},"end":{"line":63,"column":59}},"32":{"start":{"line":64,"column":10},"end":{"line":64,"column":41}},"33":{"start":{"line":68,"column":6},"end":{"line":75,"column":7}},"34":{"start":{"line":71,"column":10},"end":{"line":71,"column":82}},"35":{"start":{"line":72,"column":10},"end":{"line":72,"column":36}},"36":{"start":{"line":73,"column":10},"end":{"line":73,"column":31}}},"branchMap":{}},"/home/travis/build/aghoneim92/bpm/lib/execNpm.js":{"path":"/home/travis/build/aghoneim92/bpm/lib/execNpm.js","s":{"1":1,"2":1,"3":1,"4":1,"5":1,"6":3,"7":3,"8":3,"9":3,"10":3,"11":3,"12":0,"13":1,"14":3,"15":1},"b":{"1":[3,0]},"f":{},"fnMap":{},"statementMap":{"1":{"start":{"line":1,"column":0},"end":{"line":1,"column":30}},"2":{"start":{"line":2,"column":0},"end":{"line":2,"column":24}},"3":{"start":{"line":3,"column":0},"end":{"line":3,"column":48}},"4":{"start":{"line":5,"column":0},"end":{"line":8,"column":26}},"5":{"start":{"line":10,"column":0},"end":{"line":27,"column":1}},"6":{"start":{"line":14,"column":6},"end":{"line":27,"column":1}},"7":{"start":{"line":15,"column":2},"end":{"line":15,"column":41}},"8":{"start":{"line":16,"column":2},"end":{"line":26,"column":3}},"9":{"start":{"line":17,"column":4},"end":{"line":21,"column":6}},"10":{"start":{"line":22,"column":4},"end":{"line":22,"column":39}},"11":{"start":{"line":23,"column":4},"end":{"line":23,"column":55}},"12":{"start":{"line":25,"column":4},"end":{"line":25,"column":33}},"13":{"start":{"line":29,"column":0},"end":{"line":41,"column":3}},"14":{"start":{"line":35,"column":2},"end":{"line":41,"column":3}},"15":{"start":{"line":43,"column":0},"end":{"line":43,"column":22}}},"branchMap":{"1":{"line":16,"type":"if","locations":[{"start":{"line":16,"column":2},"end":{"line":16,"column":2}},{"start":{"line":16,"column":2},"end":{"line":16,"column":2}}]}}},"/home/travis/build/aghoneim92/bpm/lib/updateBabelRC.js":{"path":"/home/travis/build/aghoneim92/bpm/lib/updateBabelRC.js","s":{"1":1,"2":1,"3":1,"4":1,"5":3,"6":3,"7":3,"8":3,"9":3,"10":3,"11":3},"b":{"1":[3,3],"2":[3,0]},"f":{},"fnMap":{},"statementMap":{"1":{"start":{"line":1,"column":0},"end":{"line":1,"column":38}},"2":{"start":{"line":2,"column":0},"end":{"line":2,"column":38}},"3":{"start":{"line":4,"column":0},"end":{"line":6,"column":26}},"4":{"start":{"line":8,"column":0},"end":{"line":29,"column":1}},"5":{"start":{"line":13,"column":2},"end":{"line":13,"column":52}},"6":{"start":{"line":15,"column":2},"end":{"line":15,"column":41}},"7":{"start":{"line":16,"column":2},"end":{"line":16,"column":41}},"8":{"start":{"line":17,"column":2},"end":{"line":26,"column":3}},"9":{"start":{"line":21,"column":13},"end":{"line":21,"column":45}},"10":{"start":{"line":24,"column":13},"end":{"line":24,"column":45}},"11":{"start":{"line":28,"column":2},"end":{"line":28,"column":16}}},"branchMap":{"1":{"line":15,"type":"binary-expr","locations":[{"start":{"line":15,"column":20},"end":{"line":15,"column":35}},{"start":{"line":15,"column":39},"end":{"line":15,"column":41}}]},"2":{"line":16,"type":"binary-expr","locations":[{"start":{"line":16,"column":20},"end":{"line":16,"column":35}},{"start":{"line":16,"column":39},"end":{"line":16,"column":41}}]}}},"/home/travis/build/aghoneim92/bpm/lib/__tests__/getAll.js":{"path":"/home/travis/build/aghoneim92/bpm/lib/__tests__/getAll.js","s":{"1":1,"2":1,"3":1,"4":1,"5":1,"6":1,"7":1,"8":1,"9":1,"10":1,"11":1,"12":1,"13":1,"14":4,"15":22,"16":4,"17":1,"18":1,"19":1,"20":1,"21":1,"22":1,"23":1,"24":1,"25":1,"26":1,"27":1,"28":1,"29":1,"30":1,"31":4,"32":9,"33":4,"34":4,"35":3,"36":3,"37":1,"38":1},"b":{"1":[3,1],"2":[4,3]},"f":{},"fnMap":{},"statementMap":{"1":{"start":{"line":1,"column":0},"end":{"line":1,"column":35}},"2":{"start":{"line":2,"column":0},"end":{"line":2,"column":26}},"3":{"start":{"line":3,"column":0},"end":{"line":3,"column":44}},"4":{"start":{"line":4,"column":0},"end":{"line":4,"column":34}},"5":{"start":{"line":5,"column":0},"end":{"line":5,"column":32}},"6":{"start":{"line":6,"column":0},"end":{"line":6,"column":39}},"7":{"start":{"line":7,"column":0},"end":{"line":7,"column":42}},"8":{"start":{"line":9,"column":0},"end":{"line":9,"column":25}},"9":{"start":{"line":10,"column":0},"end":{"line":10,"column":27}},"10":{"start":{"line":12,"column":0},"end":{"line":12,"column":21}},"11":{"start":{"line":13,"column":0},"end":{"line":13,"column":26}},"12":{"start":{"line":15,"column":0},"end":{"line":24,"column":1}},"13":{"start":{"line":15,"column":35},"end":{"line":24,"column":1}},"14":{"start":{"line":16,"column":11},"end":{"line":20,"column":3}},"15":{"start":{"line":18,"column":12},"end":{"line":18,"column":38}},"16":{"start":{"line":22,"column":12},"end":{"line":22,"column":35}},"17":{"start":{"line":25,"column":0},"end":{"line":25,"column":37}},"18":{"start":{"line":26,"column":0},"end":{"line":29,"column":1}},"19":{"start":{"line":26,"column":29},"end":{"line":29,"column":1}},"20":{"start":{"line":30,"column":0},"end":{"line":30,"column":36}},"21":{"start":{"line":32,"column":0},"end":{"line":63,"column":2}},"22":{"start":{"line":33,"column":2},"end":{"line":42,"column":3}},"23":{"start":{"line":36,"column":8},"end":{"line":36,"column":44}},"24":{"start":{"line":37,"column":8},"end":{"line":37,"column":20}},"25":{"start":{"line":38,"column":8},"end":{"line":38,"column":46}},"26":{"start":{"line":39,"column":8},"end":{"line":39,"column":27}},"27":{"start":{"line":44,"column":2},"end":{"line":62,"column":4}},"28":{"start":{"line":46,"column":6},"end":{"line":46,"column":24}},"29":{"start":{"line":47,"column":6},"end":{"line":47,"column":37}},"30":{"start":{"line":48,"column":6},"end":{"line":59,"column":7}},"31":{"start":{"line":50,"column":10},"end":{"line":50,"column":76}},"32":{"start":{"line":50,"column":55},"end":{"line":50,"column":75}},"33":{"start":{"line":51,"column":10},"end":{"line":51,"column":43}},"34":{"start":{"line":52,"column":10},"end":{"line":57,"column":11}},"35":{"start":{"line":53,"column":12},"end":{"line":53,"column":39}},"36":{"start":{"line":54,"column":12},"end":{"line":54,"column":71}},"37":{"start":{"line":56,"column":12},"end":{"line":56,"column":43}},"38":{"start":{"line":60,"column":6},"end":{"line":60,"column":26}}},"branchMap":{"1":{"line":52,"type":"if","locations":[{"start":{"line":52,"column":10},"end":{"line":52,"column":10}},{"start":{"line":52,"column":10},"end":{"line":52,"column":10}}]},"2":{"line":52,"type":"binary-expr","locations":[{"start":{"line":52,"column":14},"end":{"line":52,"column":17}},{"start":{"line":52,"column":21},"end":{"line":52,"column":31}}]}}},"/home/travis/build/aghoneim92/bpm/lib/getAll.js":{"path":"/home/travis/build/aghoneim92/bpm/lib/getAll.js","s":{"1":1,"2":1,"3":1,"4":2,"5":2,"6":7,"7":1},"b":{"1":[7,7,7,7]},"f":{},"fnMap":{},"statementMap":{"1":{"start":{"line":1,"column":0},"end":{"line":1,"column":26}},"2":{"start":{"line":3,"column":0},"end":{"line":5,"column":1}},"3":{"start":{"line":7,"column":0},"end":{"line":15,"column":1}},"4":{"start":{"line":8,"column":2},"end":{"line":8,"column":33}},"5":{"start":{"line":9,"column":2},"end":{"line":14,"column":20}},"6":{"start":{"line":10,"column":22},"end":{"line":13,"column":6}},"7":{"start":{"line":17,"column":0},"end":{"line":17,"column":34}}},"branchMap":{"1":{"line":10,"type":"binary-expr","locations":[{"start":{"line":10,"column":22},"end":{"line":10,"column":44}},{"start":{"line":10,"column":48},"end":{"line":10,"column":53}},{"start":{"line":10,"column":57},"end":{"line":10,"column":69}},{"start":{"line":10,"column":74},"end":{"line":13,"column":5}}]}}},"/home/travis/build/aghoneim92/bpm/lib/__tests__/install.js":{"path":"/home/travis/build/aghoneim92/bpm/lib/__tests__/install.js","s":{"1":1,"2":1,"3":1,"4":1,"5":1,"6":1,"7":1,"8":1,"9":1,"10":1,"11":1,"12":1,"13":1,"14":1},"b":{},"f":{},"fnMap":{},"statementMap":{"1":{"start":{"line":1,"column":0},"end":{"line":1,"column":50}},"2":{"start":{"line":2,"column":0},"end":{"line":2,"column":33}},"3":{"start":{"line":3,"column":0},"end":{"line":3,"column":34}},"4":{"start":{"line":5,"column":0},"end":{"line":28,"column":2}},"5":{"start":{"line":6,"column":2},"end":{"line":9,"column":3}},"6":{"start":{"line":10,"column":2},"end":{"line":10,"column":48}},"7":{"start":{"line":11,"column":2},"end":{"line":11,"column":38}},"8":{"start":{"line":13,"column":2},"end":{"line":27,"column":4}},"9":{"start":{"line":14,"column":4},"end":{"line":14,"column":40}},"10":{"start":{"line":16,"column":4},"end":{"line":26,"column":5}},"11":{"start":{"line":17,"column":6},"end":{"line":21,"column":8}},"12":{"start":{"line":22,"column":6},"end":{"line":22,"column":57}},"13":{"start":{"line":23,"column":6},"end":{"line":23,"column":57}},"14":{"start":{"line":25,"column":6},"end":{"line":25,"column":23}}},"branchMap":{}},"/home/travis/build/aghoneim92/bpm/lib/__tests__/readBabelRC.js":{"path":"/home/travis/build/aghoneim92/bpm/lib/__tests__/readBabelRC.js","s":{"1":1,"2":1,"3":1,"4":1,"5":1,"6":1,"7":1,"8":1,"9":1,"10":1,"11":1,"12":1,"13":1,"14":1,"15":1,"16":1,"17":1,"18":1,"19":1,"20":1,"21":1,"22":1,"23":1},"b":{"1":[1,0]},"f":{},"fnMap":{},"statementMap":{"1":{"start":{"line":1,"column":0},"end":{"line":1,"column":72}},"2":{"start":{"line":2,"column":0},"end":{"line":2,"column":44}},"3":{"start":{"line":3,"column":0},"end":{"line":3,"column":24}},"4":{"start":{"line":4,"column":0},"end":{"line":4,"column":32}},"5":{"start":{"line":5,"column":0},"end":{"line":5,"column":34}},"6":{"start":{"line":6,"column":0},"end":{"line":6,"column":42}},"7":{"start":{"line":7,"column":0},"end":{"line":7,"column":26}},"8":{"start":{"line":9,"column":0},"end":{"line":39,"column":2}},"9":{"start":{"line":10,"column":2},"end":{"line":18,"column":4}},"10":{"start":{"line":11,"column":4},"end":{"line":11,"column":43}},"11":{"start":{"line":12,"column":4},"end":{"line":12,"column":25}},"12":{"start":{"line":13,"column":4},"end":{"line":17,"column":5}},"13":{"start":{"line":14,"column":6},"end":{"line":14,"column":57}},"14":{"start":{"line":16,"column":6},"end":{"line":16,"column":25}},"15":{"start":{"line":20,"column":2},"end":{"line":34,"column":3}},"16":{"start":{"line":21,"column":4},"end":{"line":33,"column":6}},"17":{"start":{"line":22,"column":6},"end":{"line":22,"column":42}},"18":{"start":{"line":23,"column":6},"end":{"line":23,"column":27}},"19":{"start":{"line":24,"column":6},"end":{"line":32,"column":7}},"20":{"start":{"line":25,"column":8},"end":{"line":29,"column":9}},"21":{"start":{"line":31,"column":8},"end":{"line":31,"column":26}},"22":{"start":{"line":36,"column":2},"end":{"line":38,"column":3}},"23":{"start":{"line":37,"column":4},"end":{"line":37,"column":55}}},"branchMap":{"1":{"line":20,"type":"if","locations":[{"start":{"line":20,"column":2},"end":{"line":20,"column":2}},{"start":{"line":20,"column":2},"end":{"line":20,"column":2}}]}}},"/home/travis/build/aghoneim92/bpm/lib/__tests__/root.js":{"path":"/home/travis/build/aghoneim92/bpm/lib/__tests__/root.js","s":{"1":1,"2":1,"3":1},"b":{},"f":{},"fnMap":{},"statementMap":{"1":{"start":{"line":1,"column":0},"end":{"line":1,"column":28}},"2":{"start":{"line":2,"column":0},"end":{"line":2,"column":39}},"3":{"start":{"line":4,"column":0},"end":{"line":4,"column":19}}},"branchMap":{}},"/home/travis/build/aghoneim92/bpm/lib/__tests__/uninstall.js":{"path":"/home/travis/build/aghoneim92/bpm/lib/__tests__/uninstall.js","s":{"1":1,"2":1,"3":1,"4":1,"5":1,"6":1,"7":1,"8":1},"b":{},"f":{},"fnMap":{},"statementMap":{"1":{"start":{"line":1,"column":0},"end":{"line":1,"column":54}},"2":{"start":{"line":2,"column":0},"end":{"line":2,"column":34}},"3":{"start":{"line":4,"column":0},"end":{"line":19,"column":2}},"4":{"start":{"line":5,"column":2},"end":{"line":18,"column":4}},"5":{"start":{"line":6,"column":4},"end":{"line":6,"column":50}},"6":{"start":{"line":7,"column":4},"end":{"line":10,"column":5}},"7":{"start":{"line":11,"column":4},"end":{"line":14,"column":6}},"8":{"start":{"line":15,"column":4},"end":{"line":17,"column":37}}},"branchMap":{}},"/home/travis/build/aghoneim92/bpm/lib/__tests__/update.js":{"path":"/home/travis/build/aghoneim92/bpm/lib/__tests__/update.js","s":{"1":1,"2":1,"3":1,"4":1,"5":1,"6":1,"7":1,"8":1,"9":1,"10":1,"11":1,"12":1},"b":{},"f":{},"fnMap":{},"statementMap":{"1":{"start":{"line":1,"column":0},"end":{"line":1,"column":33}},"2":{"start":{"line":2,"column":0},"end":{"line":2,"column":34}},"3":{"start":{"line":4,"column":0},"end":{"line":4,"column":48}},"4":{"start":{"line":6,"column":0},"end":{"line":21,"column":3}},"5":{"start":{"line":6,"column":25},"end":{"line":21,"column":2}},"6":{"start":{"line":7,"column":2},"end":{"line":7,"column":38}},"7":{"start":{"line":8,"column":2},"end":{"line":8,"column":48}},"8":{"start":{"line":9,"column":2},"end":{"line":9,"column":45}},"9":{"start":{"line":10,"column":2},"end":{"line":13,"column":4}},"10":{"start":{"line":14,"column":2},"end":{"line":20,"column":3}},"11":{"start":{"line":15,"column":4},"end":{"line":17,"column":5}},"12":{"start":{"line":19,"column":4},"end":{"line":19,"column":21}}},"branchMap":{}}}