TN:
SF:/home/travis/build/aghoneim92/bpm/lib/__tests__/addPrefix.js
FNF:0
FNH:0
DA:1,1
DA:2,1
DA:3,1
DA:4,1
DA:6,1
DA:8,1
DA:9,1
DA:11,1
DA:12,1
DA:13,0
DA:15,1
DA:16,0
DA:18,1
DA:22,1
DA:23,1
DA:27,1
DA:29,1
DA:31,3
LF:18
LH:16
BRF:0
BRH:0
end_of_record
TN:
SF:/home/travis/build/aghoneim92/bpm/lib/schedule.js
FNF:0
FNH:0
DA:1,5
DA:2,5
DA:3,5
DA:4,0
DA:7,0
DA:10,5
LF:6
LH:4
BRDA:3,1,0,0
BRDA:3,1,1,5
BRDA:3,2,0,5
BRDA:3,2,1,2
BRF:4
BRH:3
end_of_record
TN:
SF:/home/travis/build/aghoneim92/bpm/lib/addPrefix.js
FNF:0
FNH:0
DA:1,1
DA:8,1
DA:14,1
DA:15,3
DA:18,1
LF:5
LH:5
BRF:0
BRH:0
end_of_record
TN:
SF:/home/travis/build/aghoneim92/bpm/lib/__tests__/applyCmd.js
FNF:0
FNH:0
DA:1,1
DA:2,1
DA:3,1
DA:4,1
DA:5,1
DA:6,1
DA:7,1
DA:9,1
DA:15,1
DA:21,1
DA:22,1
DA:23,1
DA:24,1
DA:26,1
DA:27,3
DA:28,3
DA:29,3
DA:30,3
DA:36,3
DA:37,3
DA:38,3
DA:39,3
DA:41,3
DA:42,3
LF:24
LH:24
BRF:0
BRH:0
end_of_record
TN:
SF:/home/travis/build/aghoneim92/bpm/lib/uninstall.js
FNF:0
FNH:0
DA:1,1
DA:3,1
DA:6,3
DA:7,3
DA:9,3
DA:10,2
LF:6
LH:6
BRDA:6,1,0,3
BRDA:6,1,1,0
BRDA:9,2,0,2
BRDA:9,2,1,1
BRF:4
BRH:3
end_of_record
TN:
SF:/home/travis/build/aghoneim92/bpm/lib/install.js
FNF:0
FNH:0
DA:1,1
DA:3,3
DA:5,6
DA:6,6
DA:7,6
DA:9,9
DA:11,7
DA:15,6
DA:16,6
LF:9
LH:9
BRDA:11,1,0,7
BRDA:11,1,1,7
BRDA:11,1,2,4
BRF:3
BRH:3
end_of_record
TN:
SF:/home/travis/build/aghoneim92/bpm/lib/update.js
FNF:0
FNH:0
DA:1,1
DA:5,2
LF:2
LH:2
BRDA:7,1,0,2
BRDA:7,1,1,0
BRDA:11,2,0,2
BRDA:11,2,1,0
BRDA:11,3,0,2
BRDA:11,3,1,2
BRDA:15,4,0,2
BRDA:15,4,1,0
BRF:8
BRH:5
end_of_record
TN:
SF:/home/travis/build/aghoneim92/bpm/lib/applyCmd.js
FNF:0
FNH:0
DA:1,1
DA:2,1
DA:3,1
DA:5,1
DA:11,6
DA:14,2
DA:15,2
DA:18,2
DA:19,2
DA:21,1
DA:22,1
LF:11
LH:11
BRDA:11,1,0,1
BRDA:11,1,1,2
BRDA:11,1,2,1
BRDA:11,1,3,2
BRDA:11,1,4,1
BRF:5
BRH:5
end_of_record
TN:
SF:/home/travis/build/aghoneim92/bpm/lib/readBabelRC.js
FNF:0
FNH:0
DA:1,1
DA:2,1
DA:4,1
DA:9,1
DA:11,1
DA:12,4
DA:13,4
DA:15,4
DA:16,3
DA:21,1
LF:10
LH:10
BRDA:15,1,0,3
BRDA:15,1,1,1
BRF:2
BRH:2
end_of_record
TN:
SF:/home/travis/build/aghoneim92/bpm/lib/__tests__/checkForYarn.js
FNF:0
FNH:0
DA:1,1
DA:2,1
DA:3,1
DA:4,1
DA:5,1
DA:7,1
DA:8,1
DA:9,1
DA:10,1
DA:11,1
DA:12,1
DA:14,1
DA:18,1
DA:20,1
DA:21,1
DA:22,1
DA:23,1
DA:24,1
DA:26,1
DA:27,1
DA:29,1
DA:30,1
DA:31,1
DA:32,1
DA:33,1
DA:34,1
DA:35,1
DA:39,1
DA:40,1
DA:41,1
LF:30
LH:30
BRDA:24,1,0,1
BRDA:24,1,1,0
BRF:2
BRH:1
end_of_record
TN:
SF:/home/travis/build/aghoneim92/bpm/lib/checkForYarn.js
FNF:0
FNH:0
DA:1,1
DA:2,1
DA:3,1
DA:5,1
DA:6,0
DA:9,2
DA:11,2
DA:12,1
DA:14,1
DA:15,1
DA:20,0
DA:21,0
DA:25,2
DA:26,2
DA:29,1
LF:15
LH:12
BRDA:6,1,0,0
BRDA:6,1,1,0
BRDA:11,2,0,1
BRDA:11,2,1,1
BRF:4
BRH:2
end_of_record
TN:
SF:/home/travis/build/aghoneim92/bpm/lib/constants.js
FNF:0
FNH:0
DA:1,1
DA:3,1
DA:8,1
DA:16,1
DA:23,1
DA:25,1
DA:28,1
DA:99,1
DA:101,1
LF:9
LH:9
BRF:0
BRH:0
end_of_record
TN:
SF:/home/travis/build/aghoneim92/bpm/lib/__tests__/classifyModules.js
FNF:0
FNH:0
DA:1,1
DA:2,1
DA:4,1
DA:5,1
DA:7,1
DA:12,1
DA:13,1
DA:15,1
DA:17,1
DA:19,2
LF:10
LH:10
BRDA:19,1,0,1
BRDA:19,1,1,1
BRF:2
BRH:2
end_of_record
TN:
SF:/home/travis/build/aghoneim92/bpm/lib/classifyModules.js
FNF:0
FNH:0
DA:1,1
DA:2,1
DA:4,2
LF:3
LH:3
BRDA:4,1,0,1
BRDA:4,1,1,1
BRF:2
BRH:2
end_of_record
TN:
SF:/home/travis/build/aghoneim92/bpm/lib/__tests__/exec.js
FNF:0
FNH:0
DA:1,1
DA:2,1
DA:3,1
DA:4,1
DA:5,1
DA:6,1
DA:8,1
DA:12,1
DA:13,1
DA:15,1
DA:17,1
DA:18,1
DA:20,1
DA:21,1
DA:24,1
DA:25,1
DA:31,1
DA:33,1
DA:34,1
DA:35,0
DA:37,1
DA:38,1
DA:39,1
DA:40,1
DA:42,1
DA:44,0
DA:45,0
DA:46,0
DA:47,0
DA:48,0
DA:51,1
DA:54,1
DA:55,1
DA:56,1
DA:57,1
DA:63,1
DA:65,1
DA:66,1
DA:67,1
DA:68,0
DA:70,1
DA:72,1
DA:74,1
DA:75,0
DA:76,0
DA:77,0
DA:78,0
DA:81,1
DA:84,1
DA:85,1
DA:91,1
DA:93,1
DA:94,1
DA:95,0
DA:97,1
DA:99,1
DA:101,1
DA:102,0
DA:103,0
DA:104,0
DA:105,0
DA:109,1
DA:112,1
DA:113,1
DA:114,1
LF:65
LH:49
BRDA:104,1,0,0
BRDA:104,1,1,0
BRDA:104,2,0,0
BRDA:104,2,1,0
BRF:4
BRH:0
end_of_record
TN:
SF:/home/travis/build/aghoneim92/bpm/lib/exec.js
FNF:0
FNH:0
DA:1,1
DA:2,1
DA:3,1
DA:4,1
DA:5,1
DA:7,1
DA:8,1
DA:11,7
DA:12,7
DA:13,1
DA:14,1
DA:16,6
DA:17,6
DA:18,0
DA:21,6
DA:22,6
DA:25,7
DA:26,7
DA:28,1
LF:19
LH:18
BRDA:12,1,0,1
BRDA:12,1,1,6
BRDA:17,2,0,0
BRDA:17,2,1,6
BRDA:17,3,0,6
BRDA:17,3,1,0
BRF:6
BRH:4
end_of_record
TN:
SF:/home/travis/build/aghoneim92/bpm/lib/__tests__/execNpm.js
FN:30,(anonymous_1)
FNF:1
FNH:1
FNDA:1,(anonymous_1)
DA:1,1
DA:3,1
DA:4,1
DA:5,1
DA:6,1
DA:7,1
DA:8,1
DA:9,1
DA:11,1
DA:13,3
DA:22,1
DA:24,1
DA:30,1
DA:31,1
DA:33,1
DA:35,3
DA:38,3
DA:39,3
DA:40,3
DA:41,3
DA:42,3
DA:44,3
DA:45,3
DA:47,3
DA:51,3
DA:54,3
DA:55,3
DA:56,3
DA:60,3
DA:63,3
DA:64,3
DA:68,3
DA:71,3
DA:72,3
DA:73,3
LF:35
LH:35
BRF:0
BRH:0
end_of_record
TN:
SF:/home/travis/build/aghoneim92/bpm/lib/execNpm.js
FNF:0
FNH:0
DA:1,1
DA:2,1
DA:3,1
DA:5,1
DA:10,1
DA:14,3
DA:15,3
DA:16,3
DA:17,3
DA:22,3
DA:23,3
DA:25,0
DA:29,1
DA:35,3
DA:43,1
LF:15
LH:14
BRDA:16,1,0,3
BRDA:16,1,1,0
BRF:2
BRH:1
end_of_record
TN:
SF:/home/travis/build/aghoneim92/bpm/lib/updateBabelRC.js
FNF:0
FNH:0
DA:1,1
DA:2,1
DA:4,1
DA:8,1
DA:13,3
DA:15,3
DA:16,3
DA:17,3
DA:21,3
DA:24,3
DA:28,3
LF:11
LH:11
BRDA:15,1,0,3
BRDA:15,1,1,3
BRDA:16,2,0,3
BRDA:16,2,1,0
BRF:4
BRH:3
end_of_record
TN:
SF:/home/travis/build/aghoneim92/bpm/lib/__tests__/getAll.js
FNF:0
FNH:0
DA:1,1
DA:2,1
DA:3,1
DA:4,1
DA:5,1
DA:6,1
DA:7,1
DA:9,1
DA:10,1
DA:12,1
DA:13,1
DA:15,1
DA:16,4
DA:18,22
DA:22,4
DA:25,1
DA:26,1
DA:30,1
DA:32,1
DA:33,1
DA:36,1
DA:37,1
DA:38,1
DA:39,1
DA:44,1
DA:46,1
DA:47,1
DA:48,1
DA:50,9
DA:51,4
DA:52,4
DA:53,3
DA:54,3
DA:56,1
DA:60,1
LF:35
LH:35
BRDA:52,1,0,3
BRDA:52,1,1,1
BRDA:52,2,0,4
BRDA:52,2,1,3
BRF:4
BRH:4
end_of_record
TN:
SF:/home/travis/build/aghoneim92/bpm/lib/getAll.js
FNF:0
FNH:0
DA:1,1
DA:3,1
DA:7,1
DA:8,2
DA:9,2
DA:10,7
DA:17,1
LF:7
LH:7
BRDA:10,1,0,7
BRDA:10,1,1,7
BRDA:10,1,2,7
BRDA:10,1,3,7
BRF:4
BRH:4
end_of_record
TN:
SF:/home/travis/build/aghoneim92/bpm/lib/__tests__/install.js
FNF:0
FNH:0
DA:1,1
DA:2,1
DA:3,1
DA:5,1
DA:6,1
DA:10,1
DA:11,1
DA:13,1
DA:14,1
DA:16,1
DA:17,1
DA:22,1
DA:23,1
DA:25,1
LF:14
LH:14
BRF:0
BRH:0
end_of_record
TN:
SF:/home/travis/build/aghoneim92/bpm/lib/__tests__/readBabelRC.js
FNF:0
FNH:0
DA:1,1
DA:2,1
DA:3,1
DA:4,1
DA:5,1
DA:6,1
DA:7,1
DA:9,1
DA:10,1
DA:11,1
DA:12,1
DA:13,1
DA:14,1
DA:16,1
DA:20,1
DA:21,1
DA:22,1
DA:23,1
DA:24,1
DA:25,1
DA:31,1
DA:36,1
DA:37,1
LF:23
LH:23
BRDA:20,1,0,1
BRDA:20,1,1,0
BRF:2
BRH:1
end_of_record
TN:
SF:/home/travis/build/aghoneim92/bpm/lib/__tests__/root.js
FNF:0
FNH:0
DA:1,1
DA:2,1
DA:4,1
LF:3
LH:3
BRF:0
BRH:0
end_of_record
TN:
SF:/home/travis/build/aghoneim92/bpm/lib/__tests__/uninstall.js
FNF:0
FNH:0
DA:1,1
DA:2,1
DA:4,1
DA:5,1
DA:6,1
DA:7,1
DA:11,1
DA:15,1
LF:8
LH:8
BRF:0
BRH:0
end_of_record
TN:
SF:/home/travis/build/aghoneim92/bpm/lib/__tests__/update.js
FNF:0
FNH:0
DA:1,1
DA:2,1
DA:4,1
DA:6,1
DA:7,1
DA:8,1
DA:9,1
DA:10,1
DA:14,1
DA:15,1
DA:19,1
LF:11
LH:11
BRF:0
BRH:0
end_of_record
