TN:
SF:/home/travis/build/aghoneim92/bpm/lib/__tests__/addPrefix.js
FNF:0
FNH:0
DA:1,1
DA:2,1
DA:3,1
DA:4,1
DA:6,1
DA:8,1
DA:9,1
DA:11,1
DA:12,1
DA:13,0
DA:15,1
DA:16,0
DA:18,1
DA:22,1
DA:23,1
DA:27,1
DA:29,1
DA:31,3
LF:18
LH:16
BRF:0
BRH:0
end_of_record
TN:
SF:/home/travis/build/aghoneim92/bpm/lib/schedule.js
FNF:0
FNH:0
DA:1,7
DA:2,5
DA:3,5
DA:4,0
DA:7,0
DA:10,5
LF:6
LH:4
BRDA:3,1,0,0
BRDA:3,1,1,5
BRDA:3,2,0,5
BRDA:3,2,1,2
BRF:4
BRH:3
end_of_record
TN:
SF:/home/travis/build/aghoneim92/bpm/lib/addPrefix.js
FNF:0
FNH:0
DA:1,1
DA:8,1
DA:14,1
DA:15,3
DA:18,1
LF:5
LH:5
BRF:0
BRH:0
end_of_record
TN:
SF:/home/travis/build/aghoneim92/bpm/lib/__tests__/applyCmd.js
FNF:0
FNH:0
DA:1,1
DA:2,1
DA:3,1
DA:4,1
DA:5,1
DA:6,1
DA:7,1
DA:9,1
DA:15,1
DA:16,1
DA:17,1
DA:18,1
DA:19,1
DA:22,0
DA:27,1
DA:28,1
DA:29,1
DA:31,1
DA:34,0
DA:35,0
LF:20
LH:17
BRF:0
BRH:0
end_of_record
TN:
SF:/home/travis/build/aghoneim92/bpm/lib/uninstall.js
FNF:0
FNH:0
DA:1,1
DA:3,1
DA:6,2
DA:7,2
DA:9,2
DA:10,1
LF:6
LH:6
BRDA:6,1,0,2
BRDA:6,1,1,0
BRDA:9,2,0,1
BRDA:9,2,1,1
BRF:4
BRH:3
end_of_record
TN:
SF:/home/travis/build/aghoneim92/bpm/lib/install.js
FNF:0
FNH:0
DA:1,1
DA:4,2
DA:6,2
DA:7,2
DA:8,2
DA:12,2
DA:14,3
DA:15,3
DA:16,3
LF:9
LH:9
BRDA:6,1,0,2
BRDA:6,1,1,0
BRDA:14,2,0,3
BRDA:14,2,1,0
BRF:4
BRH:2
end_of_record
TN:
SF:/home/travis/build/aghoneim92/bpm/lib/__tests__/classifyModules.js
FNF:0
FNH:0
DA:1,1
DA:2,1
DA:4,1
DA:5,1
DA:7,1
DA:12,1
DA:13,1
DA:15,1
DA:17,1
DA:19,2
LF:10
LH:10
BRDA:19,1,0,1
BRDA:19,1,1,1
BRF:2
BRH:2
end_of_record
TN:
SF:/home/travis/build/aghoneim92/bpm/lib/classifyModules.js
FNF:0
FNH:0
DA:1,1
DA:2,1
DA:4,2
LF:3
LH:3
BRDA:4,1,0,1
BRDA:4,1,1,1
BRF:2
BRH:2
end_of_record
TN:
SF:/home/travis/build/aghoneim92/bpm/lib/__tests__/exec.js
FNF:0
FNH:0
DA:1,1
DA:2,1
DA:3,1
DA:4,1
DA:5,1
DA:6,1
DA:7,1
DA:9,1
DA:13,1
DA:14,1
DA:16,1
DA:18,1
DA:19,1
DA:21,1
DA:22,1
DA:25,1
DA:26,1
DA:32,1
DA:34,1
DA:35,1
DA:36,1
DA:37,1
DA:38,0
DA:40,1
DA:41,1
DA:42,1
DA:43,1
DA:45,1
DA:47,0
DA:48,0
DA:49,0
DA:50,0
DA:51,0
DA:54,1
DA:57,1
DA:58,1
DA:59,1
DA:60,1
DA:66,1
DA:67,1
DA:68,1
DA:69,1
DA:70,1
DA:71,0
DA:73,1
DA:75,1
DA:77,1
DA:78,0
DA:79,0
DA:80,0
DA:81,0
DA:84,1
DA:87,1
DA:88,1
DA:94,1
DA:95,1
DA:96,1
DA:97,1
DA:98,0
DA:100,1
DA:102,1
DA:104,1
DA:105,0
DA:106,0
DA:107,0
DA:108,0
DA:112,1
DA:115,1
DA:116,1
DA:117,1
LF:70
LH:54
BRDA:107,1,0,0
BRDA:107,1,1,0
BRDA:107,2,0,0
BRDA:107,2,1,0
BRF:4
BRH:0
end_of_record
TN:
SF:/home/travis/build/aghoneim92/bpm/lib/exec.js
FNF:0
FNH:0
DA:1,1
DA:2,1
DA:3,1
DA:4,1
DA:5,1
DA:7,1
DA:8,1
DA:11,7
DA:12,7
DA:13,1
DA:14,1
DA:16,6
DA:17,6
DA:18,0
DA:21,6
DA:22,6
DA:25,7
DA:26,7
DA:28,1
LF:19
LH:18
BRDA:12,1,0,1
BRDA:12,1,1,6
BRDA:17,2,0,0
BRDA:17,2,1,6
BRDA:17,3,0,6
BRDA:17,3,1,0
BRF:6
BRH:4
end_of_record
TN:
SF:/home/travis/build/aghoneim92/bpm/lib/__tests__/execNpm.js
FN:31,(anonymous_1)
FNF:1
FNH:1
FNDA:1,(anonymous_1)
DA:1,1
DA:3,1
DA:4,1
DA:5,1
DA:6,1
DA:7,1
DA:8,1
DA:9,1
DA:10,1
DA:12,1
DA:14,3
DA:23,1
DA:25,1
DA:31,1
DA:32,1
DA:33,1
DA:35,1
DA:37,3
DA:39,3
DA:40,3
DA:41,3
DA:42,3
DA:43,3
DA:44,3
DA:46,3
DA:47,3
DA:49,3
DA:53,3
DA:55,3
DA:56,3
DA:57,3
DA:58,3
DA:62,3
DA:64,3
DA:65,3
DA:66,3
DA:70,3
DA:72,3
DA:73,3
DA:74,3
DA:75,3
LF:41
LH:41
BRF:0
BRH:0
end_of_record
TN:
SF:/home/travis/build/aghoneim92/bpm/lib/execNpm.js
FNF:0
FNH:0
DA:1,1
DA:2,1
DA:3,1
DA:5,1
DA:10,1
DA:14,3
DA:15,3
DA:16,3
DA:17,3
DA:22,3
DA:23,3
DA:25,0
DA:29,1
DA:35,3
DA:43,1
LF:15
LH:14
BRDA:16,1,0,3
BRDA:16,1,1,0
BRF:2
BRH:1
end_of_record
TN:
SF:/home/travis/build/aghoneim92/bpm/lib/updateBabelRC.js
FNF:0
FNH:0
DA:1,1
DA:2,1
DA:4,1
DA:8,1
DA:13,3
DA:15,3
DA:16,3
DA:17,3
DA:21,3
DA:24,3
DA:28,3
LF:11
LH:11
BRDA:15,1,0,3
BRDA:15,1,1,3
BRDA:16,2,0,3
BRDA:16,2,1,0
BRF:4
BRH:3
end_of_record
TN:
SF:/home/travis/build/aghoneim92/bpm/lib/applyCmd.js
FNF:0
FNH:0
DA:1,1
DA:2,1
DA:4,1
DA:10,3
DA:13,1
DA:14,1
DA:17,1
DA:18,1
DA:20,0
DA:21,0
LF:10
LH:8
BRDA:10,1,0,0
BRDA:10,1,1,1
BRDA:10,1,2,0
BRDA:10,1,3,1
BRDA:10,1,4,0
BRF:5
BRH:2
end_of_record
TN:
SF:/home/travis/build/aghoneim92/bpm/lib/constants.js
FNF:0
FNH:0
DA:1,1
DA:3,1
DA:8,1
DA:16,1
DA:22,1
DA:24,1
DA:27,1
DA:98,1
DA:100,1
LF:9
LH:9
BRF:0
BRH:0
end_of_record
TN:
SF:/home/travis/build/aghoneim92/bpm/lib/__tests__/getAll.js
FNF:0
FNH:0
DA:1,1
DA:2,1
DA:3,1
DA:4,1
DA:5,1
DA:6,1
DA:7,1
DA:9,1
DA:10,1
DA:12,1
DA:13,1
DA:15,1
DA:16,4
DA:18,4
DA:22,4
DA:25,1
DA:26,1
DA:30,1
DA:32,1
DA:33,1
DA:36,1
DA:37,1
DA:38,1
DA:39,1
DA:44,1
DA:46,1
DA:47,1
DA:48,1
DA:50,7
DA:51,4
DA:52,4
DA:53,2
DA:54,2
DA:56,2
DA:60,1
LF:35
LH:35
BRDA:52,1,0,2
BRDA:52,1,1,2
BRDA:52,2,0,4
BRDA:52,2,1,3
BRF:4
BRH:4
end_of_record
TN:
SF:/home/travis/build/aghoneim92/bpm/lib/getAll.js
FNF:0
FNH:0
DA:1,1
DA:3,1
DA:7,1
DA:8,2
DA:9,2
DA:10,7
DA:17,1
LF:7
LH:7
BRDA:10,1,0,7
BRDA:10,1,1,7
BRDA:10,1,2,7
BRDA:10,1,3,4
BRF:4
BRH:4
end_of_record
TN:
SF:/home/travis/build/aghoneim92/bpm/lib/__tests__/install.js
FNF:0
FNH:0
DA:1,1
DA:2,1
DA:3,1
DA:5,1
DA:6,1
DA:10,1
DA:11,1
DA:13,1
DA:14,1
DA:15,1
DA:17,1
DA:18,1
DA:23,1
DA:25,1
DA:27,1
DA:29,2
DA:32,1
DA:33,1
DA:37,1
DA:38,1
DA:39,1
LF:21
LH:21
BRF:0
BRH:0
end_of_record
TN:
SF:/home/travis/build/aghoneim92/bpm/lib/__tests__/root.js
FNF:0
FNH:0
DA:1,1
DA:2,1
DA:4,1
LF:3
LH:3
BRF:0
BRH:0
end_of_record
TN:
SF:/home/travis/build/aghoneim92/bpm/lib/__tests__/uninstall.js
FNF:0
FNH:0
DA:1,1
DA:2,1
DA:4,1
DA:5,1
DA:6,1
DA:7,1
DA:11,1
DA:15,1
LF:8
LH:8
BRF:0
BRH:0
end_of_record
